{"meta": {"format": 3, "version": "7.10.6", "timestamp": "2026-04-15T06:59:41.260424", "branch_coverage": false, "show_contexts": false}, "files": {"custom_components/ev_trip_planner/__init__.py": {"executed_lines": [1, 7, 9, 10, 11, 13, 14, 15, 16, 17, 18, 19, 20, 22, 23, 24, 25, 26, 38, 41, 43, 47, 48, 49, 51, 52, 53, 56, 59, 62, 64, 65, 68, 70, 71, 72, 75, 76, 78, 81, 82, 83, 84, 85, 87, 90, 91, 92, 93, 94, 95, 97, 100, 102, 103, 104, 105, 106, 108, 109, 110, 112, 113, 114, 116, 117, 118, 120, 121, 122, 123, 125, 126, 128, 129, 130, 131, 132, 133, 136, 142, 143, 144, 145, 146, 149, 151, 152, 153, 154, 155, 156, 157, 160, 162], "summary": {"covered_lines": 93, "num_statements": 93, "percent_covered": 100.0, "percent_covered_display": "100", "missing_lines": 0, "excluded_lines": 0}, "missing_lines": [], "excluded_lines": [], "functions": {"async_migrate_entry": {"executed_lines": [64, 65, 68, 70, 71, 72, 75, 76, 78, 87, 90, 91, 92, 93, 94, 95, 97], "summary": {"covered_lines": 17, "num_statements": 17, "percent_covered": 100.0, "percent_covered_display": "100", "missing_lines": 0, "excluded_lines": 0}, "missing_lines": [], "excluded_lines": []}, "async_migrate_entry.migrate_unique_id": {"executed_lines": [81, 82, 83, 84, 85], "summary": {"covered_lines": 5, "num_statements": 5, "percent_covered": 100.0, "percent_covered_display": "100", "missing_lines": 0, "excluded_lines": 0}, "missing_lines": [], "excluded_lines": []}, "async_setup_entry": {"executed_lines": [102, 103, 104, 105, 106, 108, 109, 110, 112, 113, 114, 116, 117, 118, 120, 121, 122, 123, 125, 126, 128, 129, 130, 131, 132, 133, 136, 142, 143, 144, 145, 146], "summary": {"covered_lines": 32, "num_statements": 32, "percent_covered": 100.0, "percent_covered_display": "100", "missing_lines": 0, "excluded_lines": 0}, "missing_lines": [], "excluded_lines": []}, "async_unload_entry": {"executed_lines": [151, 152, 153, 154, 155, 156, 157], "summary": {"covered_lines": 7, "num_statements": 7, "percent_covered": 100.0, "percent_covered_display": "100", "missing_lines": 0, "excluded_lines": 0}, "missing_lines": [], "excluded_lines": []}, "async_remove_entry": {"executed_lines": [162], "summary": {"covered_lines": 1, "num_statements": 1, "percent_covered": 100.0, "percent_covered_display": "100", "missing_lines": 0, "excluded_lines": 0}, "missing_lines": [], "excluded_lines": []}, "": {"executed_lines": [1, 7, 9, 10, 11, 13, 14, 15, 16, 17, 18, 19, 20, 22, 23, 24, 25, 26, 38, 41, 43, 47, 48, 49, 51, 52, 53, 56, 59, 62, 100, 149, 160], "summary": {"covered_lines": 31, "num_statements": 31, "percent_covered": 100.0, "percent_covered_display": "100", "missing_lines": 0, "excluded_lines": 0}, "missing_lines": [], "excluded_lines": []}}, "classes": {"EVTripRuntimeData": {"executed_lines": [], "summary": {"covered_lines": 0, "num_statements": 0, "percent_covered": 100.0, "percent_covered_display": "100", "missing_lines": 0, "excluded_lines": 0}, "missing_lines": [], "excluded_lines": []}, "": {"executed_lines": [1, 7, 9, 10, 11, 13, 14, 15, 16, 17, 18, 19, 20, 22, 23, 24, 25, 26, 38, 41, 43, 47, 48, 49, 51, 52, 53, 56, 59, 62, 64, 65, 68, 70, 71, 72, 75, 76, 78, 81, 82, 83, 84, 85, 87, 90, 91, 92, 93, 94, 95, 97, 100, 102, 103, 104, 105, 106, 108, 109, 110, 112, 113, 114, 116, 117, 118, 120, 121, 122, 123, 125, 126, 128, 129, 130, 131, 132, 133, 136, 142, 143, 144, 145, 146, 149, 151, 152, 153, 154, 155, 156, 157, 160, 162], "summary": {"covered_lines": 93, "num_statements": 93, "percent_covered": 100.0, "percent_covered_display": "100", "missing_lines": 0, "excluded_lines": 0}, "missing_lines": [], "excluded_lines": []}}}, "custom_components/ev_trip_planner/calculations.py": {"executed_lines": [1, 11, 13, 14, 15, 17, 18, 20, 23, 39, 48, 51, 52, 53, 54, 55, 58, 59, 60, 61, 64, 65, 69, 77, 99, 101, 102, 103, 104, 105, 106, 107, 108, 109, 110, 111, 112, 113, 114, 115, 119, 120, 121, 123, 125, 126, 127, 128, 136, 150, 151, 152, 155, 175, 176, 178, 179, 182, 183, 185, 188, 189, 192, 219, 220, 222, 223, 226, 229, 232, 233, 234, 236, 238, 251, 281, 282, 283, 284, 286, 296, 297, 299, 302, 303, 306, 309, 310, 312, 315, 317, 332, 354, 355, 357, 358, 360, 363, 364, 365, 368, 369, 371, 374, 375, 379, 380, 381, 384, 385, 388, 391, 392, 394, 397, 399, 410, 412, 420, 439, 440, 442, 443, 445, 446, 447, 448, 451, 454, 455, 456, 458, 461, 462, 463, 465, 467, 474, 476, 484, 516, 517, 520, 521, 522, 524, 527, 528, 529, 530, 532, 533, 534, 535, 537, 540, 543, 544, 545, 546, 547, 551, 554, 555, 556, 558, 561, 562, 563, 565, 566, 570, 571, 573, 576, 579, 582, 583, 586, 587, 588, 589, 592, 595, 596, 597, 598, 600, 602, 603, 604, 607, 608, 610, 611, 613, 614, 616, 631, 639, 651, 652, 654, 655, 658, 659, 660, 661, 663, 664, 665, 666, 669, 673, 676, 679, 680, 683, 686, 708, 709, 711, 713, 714, 716, 717, 718, 720, 721, 723, 724, 727, 731, 733, 734, 735, 736, 737, 738, 739, 740, 743, 744, 747, 748, 749, 750, 751, 752, 754, 756, 760, 761, 763, 764, 766, 768, 769, 770, 773, 774, 775, 776, 778, 781, 782, 784, 787, 788, 789, 792, 793, 795, 798, 799, 800, 801, 804, 805, 808, 837, 838, 840, 841, 844, 845, 846, 847, 848, 849, 851, 852, 853, 854, 856, 857, 860, 863, 864, 867, 870, 872, 874, 877, 879, 880, 883, 892, 893, 895, 896, 898, 902, 903, 905, 906, 910, 911, 915, 916, 918, 922, 926, 927, 929, 937, 961, 962, 964, 965, 968, 970, 971, 974, 975, 976, 978, 983, 984, 987, 988, 989, 990, 993, 994, 995, 996, 999, 1000, 1001, 1002, 1003, 1004, 1006, 1009, 1010, 1012, 1013, 1014, 1017, 1018, 1021, 1022, 1025, 1026, 1028, 1030, 1032, 1040, 1068, 1069, 1070, 1071, 1072, 1073, 1074, 1076, 1079, 1082, 1085, 1086, 1087, 1088, 1090, 1092, 1093, 1096, 1098, 1111, 1112, 1113], "summary": {"covered_lines": 380, "num_statements": 380, "percent_covered": 100.0, "percent_covered_display": "100", "missing_lines": 0, "excluded_lines": 18}, "missing_lines": [], "excluded_lines": [64, 65, 66, 537, 538, 556, 557, 598, 599, 898, 899, 905, 906, 908, 911, 912, 918, 919], "functions": {"calculate_day_index": {"executed_lines": [48, 51, 52, 53, 54, 55, 58, 59, 60, 61, 64, 65, 69], "summary": {"covered_lines": 11, "num_statements": 11, "percent_covered": 100.0, "percent_covered_display": "100", "missing_lines": 0, "excluded_lines": 3}, "missing_lines": [], "excluded_lines": [64, 65, 66]}, "calculate_trip_time": {"executed_lines": [99, 101, 102, 103, 104, 105, 106, 107, 108, 109, 110, 111, 112, 113, 114, 115, 119, 120, 121, 123, 125, 126, 127, 128], "summary": {"covered_lines": 24, "num_statements": 24, "percent_covered": 100.0, "percent_covered_display": "100", "missing_lines": 0, "excluded_lines": 0}, "missing_lines": [], "excluded_lines": []}, "calculate_charging_rate": {"executed_lines": [150, 151, 152], "summary": {"covered_lines": 3, "num_statements": 3, "percent_covered": 100.0, "percent_covered_display": "100", "missing_lines": 0, "excluded_lines": 0}, "missing_lines": [], "excluded_lines": []}, "calculate_soc_target": {"executed_lines": [175, 176, 178, 179, 182, 183, 185, 188, 189], "summary": {"covered_lines": 9, "num_statements": 9, "percent_covered": 100.0, "percent_covered_display": "100", "missing_lines": 0, "excluded_lines": 0}, "missing_lines": [], "excluded_lines": []}, "calculate_energy_needed": {"executed_lines": [219, 220, 222, 223, 226, 229, 232, 233, 234, 236, 238], "summary": {"covered_lines": 11, "num_statements": 11, "percent_covered": 100.0, "percent_covered_display": "100", "missing_lines": 0, "excluded_lines": 0}, "missing_lines": [], "excluded_lines": []}, "calculate_charging_window_pure": {"executed_lines": [281, 282, 283, 284, 286, 296, 297, 299, 302, 303, 306, 309, 310, 312, 315, 317], "summary": {"covered_lines": 16, "num_statements": 16, "percent_covered": 100.0, "percent_covered_display": "100", "missing_lines": 0, "excluded_lines": 0}, "missing_lines": [], "excluded_lines": []}, "calculate_multi_trip_charging_windows": {"executed_lines": [354, 355, 357, 358, 360, 363, 364, 365, 368, 369, 371, 374, 375, 379, 380, 381, 384, 385, 388, 391, 392, 394, 397, 399, 410, 412], "summary": {"covered_lines": 26, "num_statements": 26, "percent_covered": 100.0, "percent_covered_display": "100", "missing_lines": 0, "excluded_lines": 0}, "missing_lines": [], "excluded_lines": []}, "calculate_soc_at_trip_starts": {"executed_lines": [439, 440, 442, 443, 445, 446, 447, 448, 451, 454, 455, 456, 458, 461, 462, 463, 465, 467, 474, 476], "summary": {"covered_lines": 20, "num_statements": 20, "percent_covered": 100.0, "percent_covered_display": "100", "missing_lines": 0, "excluded_lines": 0}, "missing_lines": [], "excluded_lines": []}, "calculate_deficit_propagation": {"executed_lines": [516, 517, 520, 521, 522, 524, 527, 528, 529, 530, 532, 533, 534, 535, 537, 540, 543, 544, 545, 546, 547, 551, 554, 555, 556, 558, 561, 562, 563, 565, 566, 570, 571, 573, 576, 579, 582, 583, 586, 587, 588, 589, 592, 595, 596, 597, 598, 600, 602, 603, 604, 607, 608, 610, 611, 613, 614, 616, 631], "summary": {"covered_lines": 56, "num_statements": 56, "percent_covered": 100.0, "percent_covered_display": "100", "missing_lines": 0, "excluded_lines": 6}, "missing_lines": [], "excluded_lines": [537, 538, 556, 557, 598, 599]}, "calculate_next_recurring_datetime": {"executed_lines": [651, 652, 654, 655, 658, 659, 660, 661, 663, 664, 665, 666, 669, 673, 676, 679, 680, 683], "summary": {"covered_lines": 18, "num_statements": 18, "percent_covered": 100.0, "percent_covered_display": "100", "missing_lines": 0, "excluded_lines": 0}, "missing_lines": [], "excluded_lines": []}, "calculate_power_profile_from_trips": {"executed_lines": [708, 709, 711, 713, 714, 716, 717, 718, 720, 721, 723, 724, 727, 731, 733, 734, 735, 736, 737, 738, 739, 740, 743, 744, 747, 748, 749, 750, 751, 752, 754, 756, 760, 761, 763, 764, 766, 768, 769, 770, 773, 774, 775, 776, 778, 781, 782, 784, 787, 788, 789, 792, 793, 795, 798, 799, 800, 801, 804, 805], "summary": {"covered_lines": 60, "num_statements": 60, "percent_covered": 100.0, "percent_covered_display": "100", "missing_lines": 0, "excluded_lines": 0}, "missing_lines": [], "excluded_lines": []}, "calculate_power_profile": {"executed_lines": [837, 838, 840, 841, 844, 845, 846, 847, 848, 849, 851, 852, 853, 854, 856, 857, 860, 863, 864, 867, 870, 872, 874, 877, 879, 880, 883, 892, 893, 895, 896, 898, 902, 903, 905, 906, 910, 911, 915, 916, 918, 922, 926, 927, 929], "summary": {"covered_lines": 40, "num_statements": 40, "percent_covered": 100.0, "percent_covered_display": "100", "missing_lines": 0, "excluded_lines": 9}, "missing_lines": [], "excluded_lines": [898, 899, 905, 906, 908, 911, 912, 918, 919]}, "generate_deferrable_schedule_from_trips": {"executed_lines": [961, 962, 964, 965, 968, 970, 971, 974, 975, 976, 978, 983, 984, 987, 988, 989, 990, 993, 994, 995, 996, 999, 1000, 1001, 1002, 1003, 1004, 1006, 1009, 1010, 1012, 1013, 1014, 1017, 1018, 1021, 1022, 1025, 1026, 1028, 1030, 1032], "summary": {"covered_lines": 42, "num_statements": 42, "percent_covered": 100.0, "percent_covered_display": "100", "missing_lines": 0, "excluded_lines": 0}, "missing_lines": [], "excluded_lines": []}, "calculate_deferrable_parameters": {"executed_lines": [1068, 1069, 1070, 1071, 1072, 1073, 1074, 1076, 1079, 1082, 1085, 1086, 1087, 1088, 1090, 1092, 1093, 1096, 1098, 1111, 1112, 1113], "summary": {"covered_lines": 22, "num_statements": 22, "percent_covered": 100.0, "percent_covered_display": "100", "missing_lines": 0, "excluded_lines": 0}, "missing_lines": [], "excluded_lines": []}, "": {"executed_lines": [1, 11, 13, 14, 15, 17, 18, 20, 23, 39, 77, 136, 155, 192, 251, 332, 420, 484, 639, 686, 808, 937, 1040], "summary": {"covered_lines": 22, "num_statements": 22, "percent_covered": 100.0, "percent_covered_display": "100", "missing_lines": 0, "excluded_lines": 0}, "missing_lines": [], "excluded_lines": []}}, "classes": {"": {"executed_lines": [1, 11, 13, 14, 15, 17, 18, 20, 23, 39, 48, 51, 52, 53, 54, 55, 58, 59, 60, 61, 64, 65, 69, 77, 99, 101, 102, 103, 104, 105, 106, 107, 108, 109, 110, 111, 112, 113, 114, 115, 119, 120, 121, 123, 125, 126, 127, 128, 136, 150, 151, 152, 155, 175, 176, 178, 179, 182, 183, 185, 188, 189, 192, 219, 220, 222, 223, 226, 229, 232, 233, 234, 236, 238, 251, 281, 282, 283, 284, 286, 296, 297, 299, 302, 303, 306, 309, 310, 312, 315, 317, 332, 354, 355, 357, 358, 360, 363, 364, 365, 368, 369, 371, 374, 375, 379, 380, 381, 384, 385, 388, 391, 392, 394, 397, 399, 410, 412, 420, 439, 440, 442, 443, 445, 446, 447, 448, 451, 454, 455, 456, 458, 461, 462, 463, 465, 467, 474, 476, 484, 516, 517, 520, 521, 522, 524, 527, 528, 529, 530, 532, 533, 534, 535, 537, 540, 543, 544, 545, 546, 547, 551, 554, 555, 556, 558, 561, 562, 563, 565, 566, 570, 571, 573, 576, 579, 582, 583, 586, 587, 588, 589, 592, 595, 596, 597, 598, 600, 602, 603, 604, 607, 608, 610, 611, 613, 614, 616, 631, 639, 651, 652, 654, 655, 658, 659, 660, 661, 663, 664, 665, 666, 669, 673, 676, 679, 680, 683, 686, 708, 709, 711, 713, 714, 716, 717, 718, 720, 721, 723, 724, 727, 731, 733, 734, 735, 736, 737, 738, 739, 740, 743, 744, 747, 748, 749, 750, 751, 752, 754, 756, 760, 761, 763, 764, 766, 768, 769, 770, 773, 774, 775, 776, 778, 781, 782, 784, 787, 788, 789, 792, 793, 795, 798, 799, 800, 801, 804, 805, 808, 837, 838, 840, 841, 844, 845, 846, 847, 848, 849, 851, 852, 853, 854, 856, 857, 860, 863, 864, 867, 870, 872, 874, 877, 879, 880, 883, 892, 893, 895, 896, 898, 902, 903, 905, 906, 910, 911, 915, 916, 918, 922, 926, 927, 929, 937, 961, 962, 964, 965, 968, 970, 971, 974, 975, 976, 978, 983, 984, 987, 988, 989, 990, 993, 994, 995, 996, 999, 1000, 1001, 1002, 1003, 1004, 1006, 1009, 1010, 1012, 1013, 1014, 1017, 1018, 1021, 1022, 1025, 1026, 1028, 1030, 1032, 1040, 1068, 1069, 1070, 1071, 1072, 1073, 1074, 1076, 1079, 1082, 1085, 1086, 1087, 1088, 1090, 1092, 1093, 1096, 1098, 1111, 1112, 1113], "summary": {"covered_lines": 380, "num_statements": 380, "percent_covered": 100.0, "percent_covered_display": "100", "missing_lines": 0, "excluded_lines": 18}, "missing_lines": [], "excluded_lines": [64, 65, 66, 537, 538, 556, 557, 598, 599, 898, 899, 905, 906, 908, 911, 912, 918, 919]}}}, "custom_components/ev_trip_planner/config_flow.py": {"executed_lines": [1, 7, 9, 10, 11, 12, 14, 15, 16, 17, 18, 19, 21, 22, 46, 48, 51, 61, 83, 129, 160, 181, 192, 193, 194, 196, 197, 198, 199, 200, 201, 202, 203, 206, 217, 218, 221, 222, 223, 224, 228, 229, 231, 232, 234, 237, 248, 249, 251, 252, 253, 255, 258, 259, 260, 262, 263, 265, 267, 269, 271, 272, 273, 275, 279, 280, 282, 283, 284, 294, 295, 305, 306, 307, 311, 313, 321, 331, 332, 334, 335, 336, 337, 347, 348, 349, 350, 360, 361, 362, 363, 373, 374, 375, 383, 385, 393, 409, 412, 416, 417, 418, 420, 421, 427, 429, 430, 431, 432, 442, 443, 451, 452, 453, 454, 459, 460, 461, 467, 468, 475, 476, 482, 488, 489, 490, 491, 501, 502, 510, 511, 514, 515, 516, 522, 529, 536, 538, 544, 554, 559, 560, 563, 572, 576, 577, 583, 584, 587, 589, 590, 596, 601, 602, 603, 604, 609, 612, 613, 619, 620, 623, 632, 638, 639, 649, 650, 651, 652, 662, 663, 664, 665, 675, 676, 677, 684, 686, 695, 696, 701, 702, 703, 704, 709, 711, 715, 719, 720, 725, 726, 727, 732, 741, 742, 747, 751, 753, 754, 758, 759, 760, 768, 769, 770, 771, 772, 773, 778, 785, 787, 790, 791, 796, 797, 798, 801, 806, 812, 816, 820, 822, 823, 832, 838, 839, 841, 850, 851, 856, 857, 859, 865, 866, 868, 869, 870, 874, 877, 878, 880, 882, 884, 888, 890, 891, 901, 902, 903, 904, 905, 906, 907, 908, 909, 911, 916, 920, 921, 922, 923, 925, 949], "summary": {"covered_lines": 259, "num_statements": 259, "percent_covered": 100.0, "percent_covered_display": "100", "missing_lines": 0, "excluded_lines": 2}, "missing_lines": [], "excluded_lines": [224, 225], "functions": {"_read_emhass_config": {"executed_lines": [192, 193, 194, 196, 197, 198, 199, 200, 201, 202, 203], "summary": {"covered_lines": 11, "num_statements": 11, "percent_covered": 100.0, "percent_covered_display": "100", "missing_lines": 0, "excluded_lines": 0}, "missing_lines": [], "excluded_lines": []}, "_get_emhass_planning_horizon": {"executed_lines": [217, 218, 221, 222, 223, 224, 228, 229, 231, 232, 234], "summary": {"covered_lines": 10, "num_statements": 10, "percent_covered": 100.0, "percent_covered_display": "100", "missing_lines": 0, "excluded_lines": 2}, "missing_lines": [], "excluded_lines": [224, 225]}, "_get_emhass_max_deferrable_loads": {"executed_lines": [248, 249, 251, 252, 253, 255], "summary": {"covered_lines": 6, "num_statements": 6, "percent_covered": 100.0, "percent_covered_display": "100", "missing_lines": 0, "excluded_lines": 0}, "missing_lines": [], "excluded_lines": []}, "EVTripPlannerFlowHandler.__init__": {"executed_lines": [267], "summary": {"covered_lines": 1, "num_statements": 1, "percent_covered": 100.0, "percent_covered_display": "100", "missing_lines": 0, "excluded_lines": 0}, "missing_lines": [], "excluded_lines": []}, "EVTripPlannerFlowHandler._get_vehicle_data": {"executed_lines": [271, 272, 273], "summary": {"covered_lines": 3, "num_statements": 3, "percent_covered": 100.0, "percent_covered_display": "100", "missing_lines": 0, "excluded_lines": 0}, "missing_lines": [], "excluded_lines": []}, "EVTripPlannerFlowHandler.async_step_user": {"executed_lines": [279, 280, 282, 283, 284, 294, 295, 305, 306, 307, 311, 313], "summary": {"covered_lines": 12, "num_statements": 12, "percent_covered": 100.0, "percent_covered_display": "100", "missing_lines": 0, "excluded_lines": 0}, "missing_lines": [], "excluded_lines": []}, "EVTripPlannerFlowHandler.async_step_sensors": {"executed_lines": [331, 332, 334, 335, 336, 337, 347, 348, 349, 350, 360, 361, 362, 363, 373, 374, 375, 383, 385], "summary": {"covered_lines": 19, "num_statements": 19, "percent_covered": 100.0, "percent_covered_display": "100", "missing_lines": 0, "excluded_lines": 0}, "missing_lines": [], "excluded_lines": []}, "EVTripPlannerFlowHandler.async_step_emhass": {"executed_lines": [409, 412, 416, 417, 418, 420, 421, 427, 429, 430, 431, 432, 442, 443, 451, 452, 453, 454, 459, 460, 461, 467, 468, 475, 476, 482, 488, 489, 490, 491, 501, 502, 510, 511, 514, 515, 516, 522, 529, 536, 538], "summary": {"covered_lines": 41, "num_statements": 41, "percent_covered": 100.0, "percent_covered_display": "100", "missing_lines": 0, "excluded_lines": 0}, "missing_lines": [], "excluded_lines": []}, "EVTripPlannerFlowHandler.async_step_presence": {"executed_lines": [554, 559, 560, 563, 572, 576, 577, 583, 584, 587, 589, 590, 596, 601, 602, 603, 604, 609, 612, 613, 619, 620, 623, 632, 638, 639, 649, 650, 651, 652, 662, 663, 664, 665, 675, 676, 677, 684], "summary": {"covered_lines": 38, "num_statements": 38, "percent_covered": 100.0, "percent_covered_display": "100", "missing_lines": 0, "excluded_lines": 0}, "missing_lines": [], "excluded_lines": []}, "EVTripPlannerFlowHandler.async_step_notifications": {"executed_lines": [695, 696, 701, 702, 703, 704, 709, 711, 715, 719, 720, 725, 726, 727, 732, 741, 742, 747, 751, 753, 754, 758, 759, 760, 768, 769, 770, 771, 772, 773, 778, 785], "summary": {"covered_lines": 32, "num_statements": 32, "percent_covered": 100.0, "percent_covered_display": "100", "missing_lines": 0, "excluded_lines": 0}, "missing_lines": [], "excluded_lines": []}, "EVTripPlannerFlowHandler._async_create_entry": {"executed_lines": [790, 791, 796, 797, 798, 801, 806, 812, 816, 820, 822, 823, 832, 838, 839, 841, 850, 851, 856, 857, 859, 865, 866], "summary": {"covered_lines": 23, "num_statements": 23, "percent_covered": 100.0, "percent_covered_display": "100", "missing_lines": 0, "excluded_lines": 0}, "missing_lines": [], "excluded_lines": []}, "EVTripPlannerFlowHandler.async_get_options_flow": {"executed_lines": [874], "summary": {"covered_lines": 1, "num_statements": 1, "percent_covered": 100.0, "percent_covered_display": "100", "missing_lines": 0, "excluded_lines": 0}, "missing_lines": [], "excluded_lines": []}, "EVTripPlannerOptionsFlowHandler.__init__": {"executed_lines": [882], "summary": {"covered_lines": 1, "num_statements": 1, "percent_covered": 100.0, "percent_covered_display": "100", "missing_lines": 0, "excluded_lines": 0}, "missing_lines": [], "excluded_lines": []}, "EVTripPlannerOptionsFlowHandler.async_step_init": {"executed_lines": [888, 890, 891, 901, 902, 903, 904, 905, 906, 907, 908, 909, 911, 916, 920, 921, 922, 923, 925], "summary": {"covered_lines": 19, "num_statements": 19, "percent_covered": 100.0, "percent_covered_display": "100", "missing_lines": 0, "excluded_lines": 0}, "missing_lines": [], "excluded_lines": []}, "": {"executed_lines": [1, 7, 9, 10, 11, 12, 14, 15, 16, 17, 18, 19, 21, 22, 46, 48, 51, 61, 83, 129, 160, 181, 206, 237, 258, 259, 260, 262, 263, 265, 269, 275, 321, 393, 544, 686, 787, 868, 869, 870, 877, 878, 880, 884, 949], "summary": {"covered_lines": 42, "num_statements": 42, "percent_covered": 100.0, "percent_covered_display": "100", "missing_lines": 0, "excluded_lines": 0}, "missing_lines": [], "excluded_lines": []}}, "classes": {"EVTripPlannerFlowHandler": {"executed_lines": [267, 271, 272, 273, 279, 280, 282, 283, 284, 294, 295, 305, 306, 307, 311, 313, 331, 332, 334, 335, 336, 337, 347, 348, 349, 350, 360, 361, 362, 363, 373, 374, 375, 383, 385, 409, 412, 416, 417, 418, 420, 421, 427, 429, 430, 431, 432, 442, 443, 451, 452, 453, 454, 459, 460, 461, 467, 468, 475, 476, 482, 488, 489, 490, 491, 501, 502, 510, 511, 514, 515, 516, 522, 529, 536, 538, 554, 559, 560, 563, 572, 576, 577, 583, 584, 587, 589, 590, 596, 601, 602, 603, 604, 609, 612, 613, 619, 620, 623, 632, 638, 639, 649, 650, 651, 652, 662, 663, 664, 665, 675, 676, 677, 684, 695, 696, 701, 702, 703, 704, 709, 711, 715, 719, 720, 725, 726, 727, 732, 741, 742, 747, 751, 753, 754, 758, 759, 760, 768, 769, 770, 771, 772, 773, 778, 785, 790, 791, 796, 797, 798, 801, 806, 812, 816, 820, 822, 823, 832, 838, 839, 841, 850, 851, 856, 857, 859, 865, 866, 874], "summary": {"covered_lines": 170, "num_statements": 170, "percent_covered": 100.0, "percent_covered_display": "100", "missing_lines": 0, "excluded_lines": 0}, "missing_lines": [], "excluded_lines": []}, "EVTripPlannerOptionsFlowHandler": {"executed_lines": [882, 888, 890, 891, 901, 902, 903, 904, 905, 906, 907, 908, 909, 911, 916, 920, 921, 922, 923, 925], "summary": {"covered_lines": 20, "num_statements": 20, "percent_covered": 100.0, "percent_covered_display": "100", "missing_lines": 0, "excluded_lines": 0}, "missing_lines": [], "excluded_lines": []}, "": {"executed_lines": [1, 7, 9, 10, 11, 12, 14, 15, 16, 17, 18, 19, 21, 22, 46, 48, 51, 61, 83, 129, 160, 181, 192, 193, 194, 196, 197, 198, 199, 200, 201, 202, 203, 206, 217, 218, 221, 222, 223, 224, 228, 229, 231, 232, 234, 237, 248, 249, 251, 252, 253, 255, 258, 259, 260, 262, 263, 265, 269, 275, 321, 393, 544, 686, 787, 868, 869, 870, 877, 878, 880, 884, 949], "summary": {"covered_lines": 69, "num_statements": 69, "percent_covered": 100.0, "percent_covered_display": "100", "missing_lines": 0, "excluded_lines": 2}, "missing_lines": [], "excluded_lines": [224, 225]}}}, "custom_components/ev_trip_planner/const.py": {"executed_lines": [1, 13, 15, 18, 21, 24, 25, 26, 27, 28, 29, 32, 33, 34, 37, 38, 39, 40, 43, 44, 45, 46, 47, 50, 51, 54, 55, 56, 57, 58, 61, 62, 63, 64, 65, 66, 67, 68, 69, 72, 73, 74, 77, 78, 79, 82, 83, 84, 87], "summary": {"covered_lines": 48, "num_statements": 48, "percent_covered": 100.0, "percent_covered_display": "100", "missing_lines": 0, "excluded_lines": 0}, "missing_lines": [], "excluded_lines": [], "functions": {"": {"executed_lines": [1, 13, 15, 18, 21, 24, 25, 26, 27, 28, 29, 32, 33, 34, 37, 38, 39, 40, 43, 44, 45, 46, 47, 50, 51, 54, 55, 56, 57, 58, 61, 62, 63, 64, 65, 66, 67, 68, 69, 72, 73, 74, 77, 78, 79, 82, 83, 84, 87], "summary": {"covered_lines": 48, "num_statements": 48, "percent_covered": 100.0, "percent_covered_display": "100", "missing_lines": 0, "excluded_lines": 0}, "missing_lines": [], "excluded_lines": []}}, "classes": {"": {"executed_lines": [1, 13, 15, 18, 21, 24, 25, 26, 27, 28, 29, 32, 33, 34, 37, 38, 39, 40, 43, 44, 45, 46, 47, 50, 51, 54, 55, 56, 57, 58, 61, 62, 63, 64, 65, 66, 67, 68, 69, 72, 73, 74, 77, 78, 79, 82, 83, 84, 87], "summary": {"covered_lines": 48, "num_statements": 48, "percent_covered": 100.0, "percent_covered_display": "100", "missing_lines": 0, "excluded_lines": 0}, "missing_lines": [], "excluded_lines": []}}}, "custom_components/ev_trip_planner/coordinator.py": {"executed_lines": [1, 11, 12, 13, 15, 16, 17, 19, 20, 21, 23, 26, 27, 46, 63, 69, 70, 71, 72, 78, 79, 86, 88, 99, 100, 107, 108, 115, 116, 121, 124, 125, 129, 134, 140, 149, 155], "summary": {"covered_lines": 35, "num_statements": 35, "percent_covered": 100.0, "percent_covered_display": "100", "missing_lines": 0, "excluded_lines": 0}, "missing_lines": [], "excluded_lines": [], "functions": {"TripPlannerCoordinator.__init__": {"executed_lines": [63, 69, 70, 71, 72], "summary": {"covered_lines": 5, "num_statements": 5, "percent_covered": 100.0, "percent_covered_display": "100", "missing_lines": 0, "excluded_lines": 0}, "missing_lines": [], "excluded_lines": []}, "TripPlannerCoordinator.vehicle_id": {"executed_lines": [86], "summary": {"covered_lines": 1, "num_statements": 1, "percent_covered": 100.0, "percent_covered_display": "100", "missing_lines": 0, "excluded_lines": 0}, "missing_lines": [], "excluded_lines": []}, "TripPlannerCoordinator._async_update_data": {"executed_lines": [99, 100, 107, 108, 115, 116, 121, 124, 125, 129, 134, 140], "summary": {"covered_lines": 12, "num_statements": 12, "percent_covered": 100.0, "percent_covered_display": "100", "missing_lines": 0, "excluded_lines": 0}, "missing_lines": [], "excluded_lines": []}, "TripPlannerCoordinator.async_refresh_trips": {"executed_lines": [155], "summary": {"covered_lines": 1, "num_statements": 1, "percent_covered": 100.0, "percent_covered_display": "100", "missing_lines": 0, "excluded_lines": 0}, "missing_lines": [], "excluded_lines": []}, "": {"executed_lines": [1, 11, 12, 13, 15, 16, 17, 19, 20, 21, 23, 26, 27, 46, 78, 79, 88, 149], "summary": {"covered_lines": 16, "num_statements": 16, "percent_covered": 100.0, "percent_covered_display": "100", "missing_lines": 0, "excluded_lines": 0}, "missing_lines": [], "excluded_lines": []}}, "classes": {"TripPlannerCoordinator": {"executed_lines": [63, 69, 70, 71, 72, 86, 99, 100, 107, 108, 115, 116, 121, 124, 125, 129, 134, 140, 155], "summary": {"covered_lines": 19, "num_statements": 19, "percent_covered": 100.0, "percent_covered_display": "100", "missing_lines": 0, "excluded_lines": 0}, "missing_lines": [], "excluded_lines": []}, "": {"executed_lines": [1, 11, 12, 13, 15, 16, 17, 19, 20, 21, 23, 26, 27, 46, 78, 79, 88, 149], "summary": {"covered_lines": 16, "num_statements": 16, "percent_covered": 100.0, "percent_covered_display": "100", "missing_lines": 0, "excluded_lines": 0}, "missing_lines": [], "excluded_lines": []}}}, "custom_components/ev_trip_planner/dashboard.py": {"executed_lines": [1, 14, 16, 17, 18, 20, 21, 25, 28, 31, 40, 41, 44, 51, 52, 55, 64, 67, 74, 77, 90, 91, 92, 94, 96, 100, 104, 107, 116, 117, 118, 121, 122, 124, 131, 132, 133, 136, 137, 139, 146, 147, 157, 158, 160, 167, 168, 177, 178, 180, 187, 188, 198, 199, 205, 226, 227, 228, 229, 230, 231, 232, 234, 240, 250, 252, 253, 254, 255, 256, 257, 258, 261, 273, 274, 276, 277, 278, 281, 304, 305, 313, 314, 315, 316, 326, 327, 328, 329, 340, 341, 342, 347, 357, 360, 361, 365, 366, 367, 372, 382, 388, 389, 390, 391, 401, 402, 403, 406, 417, 418, 419, 420, 421, 422, 432, 435, 437, 439, 442, 443, 444, 445, 451, 455, 456, 457, 462, 470, 474, 476, 477, 480, 481, 482, 488, 489, 490, 491, 496, 498, 502, 516, 517, 518, 522, 548, 549, 550, 561, 577, 578, 583, 584, 589, 590, 595, 596, 601, 602, 607, 608, 609, 613, 614, 618, 623, 624, 630, 631, 632, 633, 636, 656, 658, 659, 661, 663, 671, 672, 673, 684, 687, 688, 689, 690, 691, 692, 694, 695, 700, 703, 704, 708, 709, 711, 713, 714, 719, 723, 724, 725, 727, 728, 729, 731, 734, 735, 738, 740, 747, 759, 779, 781, 783, 784, 787, 788, 793, 794, 795, 796, 797, 800, 805, 810, 811, 825, 830, 832, 835, 836, 840, 843, 847, 849, 851, 857, 859, 860, 861, 862, 865, 866, 867, 870, 874, 877, 878, 880, 881, 882, 883, 884, 885, 886, 888, 889, 890, 892, 898, 900, 903, 909, 916, 917, 924, 925, 931, 936, 938, 943, 944, 951, 954, 955, 967, 968, 971, 972, 983, 1000, 1001, 1004, 1007, 1014, 1015, 1018, 1020, 1021, 1024, 1027, 1045, 1047, 1048, 1049, 1058, 1059, 1060, 1069, 1070, 1071, 1080, 1091, 1092, 1093, 1102, 1103, 1113, 1114, 1117, 1125, 1126, 1129, 1137, 1138, 1141, 1151, 1152, 1153, 1154, 1164, 1165, 1168, 1171, 1174, 1176, 1177, 1178, 1179, 1182, 1184, 1190, 1193, 1195, 1196, 1199, 1202, 1205, 1206, 1209, 1210, 1211, 1212, 1213, 1215, 1216, 1217, 1226, 1230, 1233, 1234, 1235, 1239, 1244, 1252, 1253, 1254], "summary": {"covered_lines": 341, "num_statements": 343, "percent_covered": 99.41690962099125, "percent_covered_display": "99", "missing_lines": 2, "excluded_lines": 27}, "missing_lines": [531, 535], "excluded_lines": [74, 474, 475, 476, 477, 618, 619, 721, 722, 749, 750, 756, 819, 820, 956, 973, 974, 1014, 1015, 1018, 1080, 1081, 1082, 1103, 1104, 1105, 1199], "functions": {"_read_file_content": {"executed_lines": [40, 41], "summary": {"covered_lines": 2, "num_statements": 2, "percent_covered": 100.0, "percent_covered_display": "100", "missing_lines": 0, "excluded_lines": 0}, "missing_lines": [], "excluded_lines": []}, "_write_file_content": {"executed_lines": [51, 52], "summary": {"covered_lines": 2, "num_statements": 2, "percent_covered": 100.0, "percent_covered_display": "100", "missing_lines": 0, "excluded_lines": 0}, "missing_lines": [], "excluded_lines": []}, "_check_path_exists": {"executed_lines": [64], "summary": {"covered_lines": 1, "num_statements": 1, "percent_covered": 100.0, "percent_covered_display": "100", "missing_lines": 0, "excluded_lines": 0}, "missing_lines": [], "excluded_lines": []}, "_create_directory": {"executed_lines": [74], "summary": {"covered_lines": 0, "num_statements": 0, "percent_covered": 100.0, "percent_covered_display": "100", "missing_lines": 0, "excluded_lines": 1}, "missing_lines": [], "excluded_lines": [74]}, "_call_async_executor_sync": {"executed_lines": [90, 91, 92, 94, 96, 100, 104], "summary": {"covered_lines": 7, "num_statements": 7, "percent_covered": 100.0, "percent_covered_display": "100", "missing_lines": 0, "excluded_lines": 0}, "missing_lines": [], "excluded_lines": []}, "_await_executor_result": {"executed_lines": [116, 117, 118], "summary": {"covered_lines": 3, "num_statements": 3, "percent_covered": 100.0, "percent_covered_display": "100", "missing_lines": 0, "excluded_lines": 0}, "missing_lines": [], "excluded_lines": []}, "DashboardError.__init__": {"executed_lines": [131, 132, 133], "summary": {"covered_lines": 3, "num_statements": 3, "percent_covered": 100.0, "percent_covered_display": "100", "missing_lines": 0, "excluded_lines": 0}, "missing_lines": [], "excluded_lines": []}, "DashboardNotFoundError.__init__": {"executed_lines": [146, 147], "summary": {"covered_lines": 2, "num_statements": 2, "percent_covered": 100.0, "percent_covered_display": "100", "missing_lines": 0, "excluded_lines": 0}, "missing_lines": [], "excluded_lines": []}, "DashboardValidationError.__init__": {"executed_lines": [167, 168], "summary": {"covered_lines": 2, "num_statements": 2, "percent_covered": 100.0, "percent_covered_display": "100", "missing_lines": 0, "excluded_lines": 0}, "missing_lines": [], "excluded_lines": []}, "DashboardStorageError.__init__": {"executed_lines": [187, 188], "summary": {"covered_lines": 2, "num_statements": 2, "percent_covered": 100.0, "percent_covered_display": "100", "missing_lines": 0, "excluded_lines": 0}, "missing_lines": [], "excluded_lines": []}, "DashboardImportResult.__init__": {"executed_lines": [226, 227, 228, 229, 230, 231, 232], "summary": {"covered_lines": 7, "num_statements": 7, "percent_covered": 100.0, "percent_covered_display": "100", "missing_lines": 0, "excluded_lines": 0}, "missing_lines": [], "excluded_lines": []}, "DashboardImportResult.to_dict": {"executed_lines": [240], "summary": {"covered_lines": 1, "num_statements": 1, "percent_covered": 100.0, "percent_covered_display": "100", "missing_lines": 0, "excluded_lines": 0}, "missing_lines": [], "excluded_lines": []}, "DashboardImportResult.__str__": {"executed_lines": [252, 253, 254, 255, 256, 257, 258], "summary": {"covered_lines": 7, "num_statements": 7, "percent_covered": 100.0, "percent_covered_display": "100", "missing_lines": 0, "excluded_lines": 0}, "missing_lines": [], "excluded_lines": []}, "is_lovelace_available": {"executed_lines": [273, 274, 276, 277, 278], "summary": {"covered_lines": 5, "num_statements": 5, "percent_covered": 100.0, "percent_covered_display": "100", "missing_lines": 0, "excluded_lines": 0}, "missing_lines": [], "excluded_lines": []}, "import_dashboard": {"executed_lines": [304, 305, 313, 314, 315, 316, 326, 327, 328, 329, 340, 341, 342, 347, 357, 360, 361, 365, 366, 367, 372, 382, 388, 389, 390, 391, 401, 402, 403, 406, 417, 418, 419, 420, 421, 422, 432, 435, 437, 439, 442, 443, 444, 445, 451, 455, 456, 457, 462, 470, 474, 476, 477, 480, 481, 482, 488, 489, 490, 491, 496, 498, 502, 516, 517, 518, 522, 548, 549, 550], "summary": {"covered_lines": 67, "num_statements": 69, "percent_covered": 97.10144927536231, "percent_covered_display": "97", "missing_lines": 2, "excluded_lines": 4}, "missing_lines": [531, 535], "excluded_lines": [474, 475, 476, 477]}, "_validate_dashboard_config": {"executed_lines": [577, 578, 583, 584, 589, 590, 595, 596, 601, 602, 607, 608, 609, 613, 614, 618, 623, 624, 630, 631, 632, 633], "summary": {"covered_lines": 21, "num_statements": 21, "percent_covered": 100.0, "percent_covered_display": "100", "missing_lines": 0, "excluded_lines": 2}, "missing_lines": [], "excluded_lines": [618, 619]}, "_load_dashboard_template": {"executed_lines": [656, 658, 659, 661, 663, 671, 672, 673, 684, 687, 688, 689, 690, 691, 692, 694, 695, 700, 703, 704, 708, 709, 711, 713, 714, 719, 723, 724, 725, 727, 728, 729, 731, 734, 735, 738, 740, 747], "summary": {"covered_lines": 38, "num_statements": 38, "percent_covered": 100.0, "percent_covered_display": "100", "missing_lines": 0, "excluded_lines": 5}, "missing_lines": [], "excluded_lines": [721, 722, 749, 750, 756]}, "_save_lovelace_dashboard": {"executed_lines": [779, 781, 783, 784, 787, 788, 793, 794, 795, 796, 797, 800, 805, 810, 811, 825, 830, 832, 835, 836, 840, 843, 847, 849, 851, 857, 859, 860, 861, 862, 865, 866, 867, 870, 874, 877, 878, 880, 881, 882, 883, 884, 885, 886, 888, 889, 890, 892, 898, 900, 903, 909, 916, 917, 924, 925, 931, 936, 938, 943, 944, 951, 954, 955, 967, 968, 971, 972], "summary": {"covered_lines": 68, "num_statements": 68, "percent_covered": 100.0, "percent_covered_display": "100", "missing_lines": 0, "excluded_lines": 5}, "missing_lines": [], "excluded_lines": [819, 820, 956, 973, 974]}, "_verify_storage_permissions": {"executed_lines": [1000, 1001, 1004, 1007, 1014, 1015, 1018, 1020, 1021, 1024], "summary": {"covered_lines": 7, "num_statements": 7, "percent_covered": 100.0, "percent_covered_display": "100", "missing_lines": 0, "excluded_lines": 3}, "missing_lines": [], "excluded_lines": [1014, 1015, 1018]}, "_save_dashboard_yaml_fallback": {"executed_lines": [1045, 1047, 1048, 1049, 1058, 1059, 1060, 1069, 1070, 1071, 1080, 1091, 1092, 1093, 1102, 1103, 1113, 1114, 1117, 1125, 1126, 1129, 1137, 1138, 1141, 1151, 1152, 1153, 1154, 1164, 1165, 1168, 1171, 1174, 1176, 1177, 1178, 1179, 1182, 1184, 1190, 1193, 1195, 1196, 1199, 1202, 1205, 1206, 1209, 1210, 1211, 1212, 1213, 1215, 1216, 1217, 1226, 1230, 1233, 1234, 1235, 1239, 1244, 1252, 1253, 1254], "summary": {"covered_lines": 63, "num_statements": 63, "percent_covered": 100.0, "percent_covered_display": "100", "missing_lines": 0, "excluded_lines": 7}, "missing_lines": [], "excluded_lines": [1080, 1081, 1082, 1103, 1104, 1105, 1199]}, "": {"executed_lines": [1, 14, 16, 17, 18, 20, 21, 25, 28, 31, 44, 55, 67, 77, 107, 121, 122, 124, 136, 137, 139, 157, 158, 160, 177, 178, 180, 198, 199, 205, 234, 250, 261, 281, 561, 636, 759, 983, 1027], "summary": {"covered_lines": 33, "num_statements": 33, "percent_covered": 100.0, "percent_covered_display": "100", "missing_lines": 0, "excluded_lines": 0}, "missing_lines": [], "excluded_lines": []}}, "classes": {"DashboardError": {"executed_lines": [131, 132, 133], "summary": {"covered_lines": 3, "num_statements": 3, "percent_covered": 100.0, "percent_covered_display": "100", "missing_lines": 0, "excluded_lines": 0}, "missing_lines": [], "excluded_lines": []}, "DashboardNotFoundError": {"executed_lines": [146, 147], "summary": {"covered_lines": 2, "num_statements": 2, "percent_covered": 100.0, "percent_covered_display": "100", "missing_lines": 0, "excluded_lines": 0}, "missing_lines": [], "excluded_lines": []}, "DashboardValidationError": {"executed_lines": [167, 168], "summary": {"covered_lines": 2, "num_statements": 2, "percent_covered": 100.0, "percent_covered_display": "100", "missing_lines": 0, "excluded_lines": 0}, "missing_lines": [], "excluded_lines": []}, "DashboardStorageError": {"executed_lines": [187, 188], "summary": {"covered_lines": 2, "num_statements": 2, "percent_covered": 100.0, "percent_covered_display": "100", "missing_lines": 0, "excluded_lines": 0}, "missing_lines": [], "excluded_lines": []}, "DashboardImportResult": {"executed_lines": [226, 227, 228, 229, 230, 231, 232, 240, 252, 253, 254, 255, 256, 257, 258], "summary": {"covered_lines": 15, "num_statements": 15, "percent_covered": 100.0, "percent_covered_display": "100", "missing_lines": 0, "excluded_lines": 0}, "missing_lines": [], "excluded_lines": []}, "": {"executed_lines": [1, 14, 16, 17, 18, 20, 21, 25, 28, 31, 40, 41, 44, 51, 52, 55, 64, 67, 74, 77, 90, 91, 92, 94, 96, 100, 104, 107, 116, 117, 118, 121, 122, 124, 136, 137, 139, 157, 158, 160, 177, 178, 180, 198, 199, 205, 234, 250, 261, 273, 274, 276, 277, 278, 281, 304, 305, 313, 314, 315, 316, 326, 327, 328, 329, 340, 341, 342, 347, 357, 360, 361, 365, 366, 367, 372, 382, 388, 389, 390, 391, 401, 402, 403, 406, 417, 418, 419, 420, 421, 422, 432, 435, 437, 439, 442, 443, 444, 445, 451, 455, 456, 457, 462, 470, 474, 476, 477, 480, 481, 482, 488, 489, 490, 491, 496, 498, 502, 516, 517, 518, 522, 548, 549, 550, 561, 577, 578, 583, 584, 589, 590, 595, 596, 601, 602, 607, 608, 609, 613, 614, 618, 623, 624, 630, 631, 632, 633, 636, 656, 658, 659, 661, 663, 671, 672, 673, 684, 687, 688, 689, 690, 691, 692, 694, 695, 700, 703, 704, 708, 709, 711, 713, 714, 719, 723, 724, 725, 727, 728, 729, 731, 734, 735, 738, 740, 747, 759, 779, 781, 783, 784, 787, 788, 793, 794, 795, 796, 797, 800, 805, 810, 811, 825, 830, 832, 835, 836, 840, 843, 847, 849, 851, 857, 859, 860, 861, 862, 865, 866, 867, 870, 874, 877, 878, 880, 881, 882, 883, 884, 885, 886, 888, 889, 890, 892, 898, 900, 903, 909, 916, 917, 924, 925, 931, 936, 938, 943, 944, 951, 954, 955, 967, 968, 971, 972, 983, 1000, 1001, 1004, 1007, 1014, 1015, 1018, 1020, 1021, 1024, 1027, 1045, 1047, 1048, 1049, 1058, 1059, 1060, 1069, 1070, 1071, 1080, 1091, 1092, 1093, 1102, 1103, 1113, 1114, 1117, 1125, 1126, 1129, 1137, 1138, 1141, 1151, 1152, 1153, 1154, 1164, 1165, 1168, 1171, 1174, 1176, 1177, 1178, 1179, 1182, 1184, 1190, 1193, 1195, 1196, 1199, 1202, 1205, 1206, 1209, 1210, 1211, 1212, 1213, 1215, 1216, 1217, 1226, 1230, 1233, 1234, 1235, 1239, 1244, 1252, 1253, 1254], "summary": {"covered_lines": 317, "num_statements": 319, "percent_covered": 99.3730407523511, "percent_covered_display": "99", "missing_lines": 2, "excluded_lines": 27}, "missing_lines": [531, 535], "excluded_lines": [74, 474, 475, 476, 477, 618, 619, 721, 722, 749, 750, 756, 819, 820, 956, 973, 974, 1014, 1015, 1018, 1080, 1081, 1082, 1103, 1104, 1105, 1199]}}}, "custom_components/ev_trip_planner/definitions.py": {"executed_lines": [1, 6, 7, 9, 12, 17, 20, 26, 32, 33, 34, 40, 41, 42, 43, 46], "summary": {"covered_lines": 13, "num_statements": 13, "percent_covered": 100.0, "percent_covered_display": "100", "missing_lines": 0, "excluded_lines": 2}, "missing_lines": [], "excluded_lines": [9, 10], "functions": {"default_attrs_fn": {"executed_lines": [26], "summary": {"covered_lines": 1, "num_statements": 1, "percent_covered": 100.0, "percent_covered_display": "100", "missing_lines": 0, "excluded_lines": 0}, "missing_lines": [], "excluded_lines": []}, "": {"executed_lines": [1, 6, 7, 9, 12, 17, 20, 32, 33, 34, 40, 41, 42, 43, 46], "summary": {"covered_lines": 12, "num_statements": 12, "percent_covered": 100.0, "percent_covered_display": "100", "missing_lines": 0, "excluded_lines": 2}, "missing_lines": [], "excluded_lines": [9, 10]}}, "classes": {"TripSensorEntityDescription": {"executed_lines": [], "summary": {"covered_lines": 0, "num_statements": 0, "percent_covered": 100.0, "percent_covered_display": "100", "missing_lines": 0, "excluded_lines": 0}, "missing_lines": [], "excluded_lines": []}, "": {"executed_lines": [1, 6, 7, 9, 12, 17, 20, 26, 32, 33, 34, 40, 41, 42, 43, 46], "summary": {"covered_lines": 13, "num_statements": 13, "percent_covered": 100.0, "percent_covered_display": "100", "missing_lines": 0, "excluded_lines": 2}, "missing_lines": [], "excluded_lines": [9, 10]}}}, "custom_components/ev_trip_planner/diagnostics.py": {"executed_lines": [1, 6, 8, 10, 11, 12, 15, 22, 36, 39, 40, 41, 44, 63, 64, 70], "summary": {"covered_lines": 15, "num_statements": 15, "percent_covered": 100.0, "percent_covered_display": "100", "missing_lines": 0, "excluded_lines": 0}, "missing_lines": [], "excluded_lines": [], "functions": {"async_get_config_entry_diagnostics": {"executed_lines": [36, 39, 40, 41, 44, 63, 64, 70], "summary": {"covered_lines": 8, "num_statements": 8, "percent_covered": 100.0, "percent_covered_display": "100", "missing_lines": 0, "excluded_lines": 0}, "missing_lines": [], "excluded_lines": []}, "": {"executed_lines": [1, 6, 8, 10, 11, 12, 15, 22], "summary": {"covered_lines": 7, "num_statements": 7, "percent_covered": 100.0, "percent_covered_display": "100", "missing_lines": 0, "excluded_lines": 0}, "missing_lines": [], "excluded_lines": []}}, "classes": {"": {"executed_lines": [1, 6, 8, 10, 11, 12, 15, 22, 36, 39, 40, 41, 44, 63, 64, 70], "summary": {"covered_lines": 15, "num_statements": 15, "percent_covered": 100.0, "percent_covered_display": "100", "missing_lines": 0, "excluded_lines": 0}, "missing_lines": [], "excluded_lines": []}}}, "custom_components/ev_trip_planner/emhass_adapter.py": {"executed_lines": [1, 3, 4, 5, 7, 8, 9, 10, 12, 16, 21, 35, 37, 40, 41, 43, 45, 47, 50, 51, 52, 53, 54, 56, 57, 58, 61, 62, 64, 65, 68, 71, 72, 73, 74, 77, 78, 83, 84, 87, 91, 94, 97, 100, 105, 107, 116, 118, 119, 120, 121, 124, 125, 126, 127, 128, 129, 130, 131, 132, 134, 136, 137, 140, 141, 142, 147, 155, 156, 157, 162, 171, 172, 173, 174, 176, 177, 178, 179, 181, 191, 200, 202, 204, 208, 215, 216, 217, 222, 229, 231, 233, 234, 235, 242, 245, 246, 247, 249, 251, 260, 262, 270, 271, 272, 274, 277, 279, 281, 290, 292, 294, 296, 306, 307, 308, 309, 310, 313, 314, 315, 318, 319, 322, 325, 326, 328, 330, 331, 332, 334, 336, 337, 338, 339, 340, 341, 346, 347, 348, 349, 350, 351, 352, 355, 358, 359, 360, 362, 364, 367, 372, 373, 374, 375, 379, 380, 381, 382, 385, 394, 395, 396, 397, 399, 400, 403, 404, 405, 408, 429, 437, 453, 455, 456, 457, 458, 460, 466, 468, 472, 474, 475, 476, 481, 483, 485, 487, 501, 502, 503, 504, 506, 509, 510, 511, 514, 515, 516, 518, 529, 532, 533, 534, 537, 538, 539, 540, 541, 542, 544, 545, 546, 547, 548, 549, 552, 553, 554, 558, 559, 560, 563, 564, 566, 567, 569, 572, 580, 581, 582, 583, 584, 585, 587, 588, 589, 590, 591, 594, 614, 617, 622, 627, 634, 635, 636, 638, 646, 648, 650, 652, 654, 656, 664, 665, 670, 671, 672, 674, 675, 677, 679, 701, 703, 723, 724, 727, 728, 729, 730, 734, 741, 742, 746, 747, 748, 750, 751, 754, 756, 765, 770, 775, 776, 777, 781, 789, 790, 791, 792, 793, 798, 801, 802, 803, 804, 808, 809, 810, 813, 814, 816, 817, 819, 826, 827, 828, 829, 830, 831, 833, 834, 835, 836, 837, 838, 841, 842, 843, 852, 853, 854, 855, 856, 857, 860, 861, 864, 865, 868, 872, 894, 901, 902, 903, 908, 914, 916, 924, 925, 926, 927, 929, 931, 947, 956, 957, 959, 960, 964, 966, 969, 970, 971, 974, 976, 977, 978, 981, 983, 987, 994, 995, 1001, 1004, 1005, 1007, 1008, 1014, 1020, 1022, 1041, 1049, 1050, 1052, 1053, 1054, 1058, 1061, 1062, 1063, 1064, 1065, 1068, 1069, 1071, 1072, 1074, 1075, 1076, 1081, 1082, 1083, 1084, 1085, 1086, 1087, 1088, 1089, 1090, 1092, 1093, 1096, 1104, 1106, 1113, 1115, 1125, 1128, 1129, 1132, 1133, 1136, 1137, 1138, 1139, 1140, 1141, 1142, 1143, 1144, 1145, 1146, 1147, 1148, 1150, 1151, 1153, 1160, 1184, 1185, 1188, 1189, 1197, 1206, 1209, 1211, 1218, 1219, 1232, 1233, 1241, 1251, 1268, 1269, 1273, 1276, 1279, 1280, 1286, 1287, 1292, 1293, 1299, 1301, 1302, 1304, 1306, 1308, 1323, 1324, 1326, 1327, 1328, 1337, 1342, 1343, 1344, 1349, 1351, 1371, 1376, 1383, 1389, 1406, 1408, 1414, 1430, 1436, 1442, 1448, 1455, 1456, 1458, 1461, 1466, 1468, 1469, 1472, 1473, 1474, 1476, 1478, 1479, 1480, 1481, 1482, 1483, 1491, 1497, 1513, 1516, 1519, 1524, 1525, 1526, 1527, 1529, 1530, 1531, 1532, 1538, 1539, 1540, 1541, 1548, 1549, 1550, 1551, 1552, 1559, 1560, 1561, 1562, 1565, 1566, 1567, 1568, 1569, 1576, 1578, 1584, 1595, 1597, 1600, 1601, 1602, 1604, 1605, 1606, 1607, 1609, 1610, 1611, 1612, 1615, 1616, 1617, 1619, 1622, 1623, 1625, 1628, 1629, 1631, 1639, 1647, 1648, 1649, 1653, 1656, 1662, 1669, 1675, 1676, 1677, 1678, 1679, 1680, 1681, 1683, 1686, 1690, 1692, 1694, 1702, 1703, 1704, 1705, 1709, 1710, 1711, 1712, 1713, 1714, 1717, 1718, 1719, 1721, 1728, 1732, 1734, 1753, 1757, 1777, 1779, 1788, 1789, 1790, 1791, 1793, 1794, 1795, 1796, 1798, 1799, 1800, 1801, 1803, 1804, 1805, 1806, 1812, 1814, 1822, 1823, 1824, 1827], "summary": {"covered_lines": 592, "num_statements": 592, "percent_covered": 100.0, "percent_covered_display": "100", "missing_lines": 0, "excluded_lines": 42}, "missing_lines": [], "excluded_lines": [61, 62, 345, 346, 347, 348, 439, 441, 442, 444, 445, 446, 451, 511, 512, 554, 555, 568, 569, 791, 792, 793, 803, 804, 1246, 1248, 1249, 1492, 1494, 1495, 1789, 1790, 1791, 1794, 1795, 1796, 1799, 1800, 1801, 1805, 1806, 1812], "functions": {"EMHASSAdapter.__init__": {"executed_lines": [45, 47, 50, 51, 52, 53, 54, 56, 57, 58, 61, 62, 64, 65, 68, 71, 72, 73, 74, 77, 78, 83, 84, 87, 91, 94, 97, 100, 105, 107], "summary": {"covered_lines": 28, "num_statements": 28, "percent_covered": 100.0, "percent_covered_display": "100", "missing_lines": 0, "excluded_lines": 2}, "missing_lines": [], "excluded_lines": [61, 62]}, "EMHASSAdapter.async_load": {"executed_lines": [118, 119, 120, 121, 124, 125, 126, 127, 128, 129, 130, 131, 132, 134, 136, 137, 140, 141, 142, 147, 155, 156, 157], "summary": {"covered_lines": 23, "num_statements": 23, "percent_covered": 100.0, "percent_covered_display": "100", "missing_lines": 0, "excluded_lines": 0}, "missing_lines": [], "excluded_lines": []}, "EMHASSAdapter._get_coordinator": {"executed_lines": [171, 172, 173, 174, 176, 177, 178, 179], "summary": {"covered_lines": 8, "num_statements": 8, "percent_covered": 100.0, "percent_covered_display": "100", "missing_lines": 0, "excluded_lines": 0}, "missing_lines": [], "excluded_lines": []}, "EMHASSAdapter.get_cached_optimization_results": {"executed_lines": [191], "summary": {"covered_lines": 1, "num_statements": 1, "percent_covered": 100.0, "percent_covered_display": "100", "missing_lines": 0, "excluded_lines": 0}, "missing_lines": [], "excluded_lines": []}, "EMHASSAdapter.async_save": {"executed_lines": [202, 204, 208, 215, 216, 217], "summary": {"covered_lines": 6, "num_statements": 6, "percent_covered": 100.0, "percent_covered_display": "100", "missing_lines": 0, "excluded_lines": 0}, "missing_lines": [], "excluded_lines": []}, "EMHASSAdapter.async_assign_index_to_trip": {"executed_lines": [229, 231, 233, 234, 235, 242, 245, 246, 247, 249, 251, 260], "summary": {"covered_lines": 12, "num_statements": 12, "percent_covered": 100.0, "percent_covered_display": "100", "missing_lines": 0, "excluded_lines": 0}, "missing_lines": [], "excluded_lines": []}, "EMHASSAdapter.async_release_trip_index": {"executed_lines": [270, 271, 272, 274, 277, 279, 281, 290], "summary": {"covered_lines": 8, "num_statements": 8, "percent_covered": 100.0, "percent_covered_display": "100", "missing_lines": 0, "excluded_lines": 0}, "missing_lines": [], "excluded_lines": []}, "EMHASSAdapter._get_config_sensor_id": {"executed_lines": [294], "summary": {"covered_lines": 1, "num_statements": 1, "percent_covered": 100.0, "percent_covered_display": "100", "missing_lines": 0, "excluded_lines": 0}, "missing_lines": [], "excluded_lines": []}, "EMHASSAdapter.async_publish_deferrable_load": {"executed_lines": [306, 307, 308, 309, 310, 313, 314, 315, 318, 319, 322, 325, 326, 328, 330, 331, 332, 334, 336, 337, 338, 339, 340, 341, 346, 347, 348, 349, 350, 351, 352, 355, 358, 359, 360, 362, 364, 367, 372, 373, 374, 375, 379, 380, 381, 382, 385, 394, 395, 396, 397, 399, 400, 403, 404, 405, 408, 429, 437], "summary": {"covered_lines": 56, "num_statements": 56, "percent_covered": 100.0, "percent_covered_display": "100", "missing_lines": 0, "excluded_lines": 11}, "missing_lines": [], "excluded_lines": [345, 346, 347, 348, 439, 441, 442, 444, 445, 446, 451]}, "EMHASSAdapter.async_remove_deferrable_load": {"executed_lines": [455, 456, 457, 458, 460, 466, 468, 472, 474, 475, 476, 481], "summary": {"covered_lines": 12, "num_statements": 12, "percent_covered": 100.0, "percent_covered_display": "100", "missing_lines": 0, "excluded_lines": 0}, "missing_lines": [], "excluded_lines": []}, "EMHASSAdapter.async_update_deferrable_load": {"executed_lines": [485], "summary": {"covered_lines": 1, "num_statements": 1, "percent_covered": 100.0, "percent_covered_display": "100", "missing_lines": 0, "excluded_lines": 0}, "missing_lines": [], "excluded_lines": []}, "EMHASSAdapter.async_publish_all_deferrable_loads": {"executed_lines": [501, 502, 503, 504, 506, 509, 510, 511, 514, 515, 516, 518, 529, 532, 533, 534, 537, 538, 539, 540, 541, 542, 544, 545, 546, 547, 548, 549, 552, 553, 554, 558, 559, 560, 563, 564, 566, 567, 569, 572, 580, 581, 582, 583, 584, 585, 587, 588, 589, 590, 591, 594, 614, 617, 622, 627, 634, 635, 636, 638, 646], "summary": {"covered_lines": 58, "num_statements": 58, "percent_covered": 100.0, "percent_covered_display": "100", "missing_lines": 0, "excluded_lines": 6}, "missing_lines": [], "excluded_lines": [511, 512, 554, 555, 568, 569]}, "EMHASSAdapter.get_assigned_index": {"executed_lines": [650], "summary": {"covered_lines": 1, "num_statements": 1, "percent_covered": 100.0, "percent_covered_display": "100", "missing_lines": 0, "excluded_lines": 0}, "missing_lines": [], "excluded_lines": []}, "EMHASSAdapter.get_all_assigned_indices": {"executed_lines": [654], "summary": {"covered_lines": 1, "num_statements": 1, "percent_covered": 100.0, "percent_covered_display": "100", "missing_lines": 0, "excluded_lines": 0}, "missing_lines": [], "excluded_lines": []}, "EMHASSAdapter.get_available_indices": {"executed_lines": [664, 665, 670, 671, 672, 674, 675, 677], "summary": {"covered_lines": 8, "num_statements": 8, "percent_covered": 100.0, "percent_covered_display": "100", "missing_lines": 0, "excluded_lines": 0}, "missing_lines": [], "excluded_lines": []}, "EMHASSAdapter.calculate_deferrable_parameters": {"executed_lines": [701], "summary": {"covered_lines": 1, "num_statements": 1, "percent_covered": 100.0, "percent_covered_display": "100", "missing_lines": 0, "excluded_lines": 0}, "missing_lines": [], "excluded_lines": []}, "EMHASSAdapter.publish_deferrable_loads": {"executed_lines": [723, 724, 727, 728, 729, 730, 734, 741, 742, 746, 747, 748, 750, 751, 754, 756, 765, 770, 775, 776, 777, 781, 789, 790, 791, 792, 793, 798, 801, 802, 803, 804, 808, 809, 810, 813, 814, 816, 817, 819, 826, 827, 828, 829, 830, 831, 833, 834, 835, 836, 837, 838, 841, 842, 843, 852, 853, 854, 855, 856, 857, 860, 861, 864, 865, 868, 872, 894, 901, 902, 903, 908, 914, 916, 924, 925, 926, 927, 929], "summary": {"covered_lines": 74, "num_statements": 74, "percent_covered": 100.0, "percent_covered_display": "100", "missing_lines": 0, "excluded_lines": 5}, "missing_lines": [], "excluded_lines": [791, 792, 793, 803, 804]}, "EMHASSAdapter.async_verify_shell_command_integration": {"executed_lines": [947, 956, 957, 959, 960, 964, 966, 969, 970, 971, 974, 976, 977, 978, 981, 983, 987, 994, 995, 1001, 1004, 1005, 1007, 1008, 1014, 1020], "summary": {"covered_lines": 26, "num_statements": 26, "percent_covered": 100.0, "percent_covered_display": "100", "missing_lines": 0, "excluded_lines": 0}, "missing_lines": [], "excluded_lines": []}, "EMHASSAdapter.async_check_emhass_response_sensors": {"executed_lines": [1041, 1049, 1050, 1052, 1053, 1054, 1058, 1061, 1062, 1063, 1064, 1065, 1068, 1069, 1071, 1072, 1074, 1075, 1076, 1081, 1082, 1083, 1084, 1085, 1086, 1087, 1088, 1089, 1090, 1092, 1093, 1096, 1104, 1106, 1113], "summary": {"covered_lines": 35, "num_statements": 35, "percent_covered": 100.0, "percent_covered_display": "100", "missing_lines": 0, "excluded_lines": 0}, "missing_lines": [], "excluded_lines": []}, "EMHASSAdapter.async_get_integration_status": {"executed_lines": [1125, 1128, 1129, 1132, 1133, 1136, 1137, 1138, 1139, 1140, 1141, 1142, 1143, 1144, 1145, 1146, 1147, 1148, 1150, 1151, 1153], "summary": {"covered_lines": 21, "num_statements": 21, "percent_covered": 100.0, "percent_covered_display": "100", "missing_lines": 0, "excluded_lines": 0}, "missing_lines": [], "excluded_lines": []}, "EMHASSAdapter.async_notify_error": {"executed_lines": [1184, 1185, 1188, 1189, 1197, 1206, 1209], "summary": {"covered_lines": 7, "num_statements": 7, "percent_covered": 100.0, "percent_covered_display": "100", "missing_lines": 0, "excluded_lines": 0}, "missing_lines": [], "excluded_lines": []}, "EMHASSAdapter._async_update_error_status": {"executed_lines": [1218, 1219, 1232, 1233, 1241], "summary": {"covered_lines": 5, "num_statements": 5, "percent_covered": 100.0, "percent_covered_display": "100", "missing_lines": 0, "excluded_lines": 3}, "missing_lines": [], "excluded_lines": [1246, 1248, 1249]}, "EMHASSAdapter._async_send_error_notification": {"executed_lines": [1268, 1269, 1273, 1276, 1279, 1280, 1286, 1287, 1292, 1293, 1299, 1301, 1302, 1304, 1306], "summary": {"covered_lines": 15, "num_statements": 15, "percent_covered": 100.0, "percent_covered_display": "100", "missing_lines": 0, "excluded_lines": 0}, "missing_lines": [], "excluded_lines": []}, "EMHASSAdapter._async_call_notification_service": {"executed_lines": [1323, 1324, 1326, 1327, 1328, 1337, 1342, 1343, 1344, 1349], "summary": {"covered_lines": 10, "num_statements": 10, "percent_covered": 100.0, "percent_covered_display": "100", "missing_lines": 0, "excluded_lines": 0}, "missing_lines": [], "excluded_lines": []}, "EMHASSAdapter.async_handle_emhass_unavailable": {"executed_lines": [1371, 1376, 1383], "summary": {"covered_lines": 3, "num_statements": 3, "percent_covered": 100.0, "percent_covered_display": "100", "missing_lines": 0, "excluded_lines": 0}, "missing_lines": [], "excluded_lines": []}, "EMHASSAdapter.async_handle_sensor_error": {"executed_lines": [1406, 1408], "summary": {"covered_lines": 2, "num_statements": 2, "percent_covered": 100.0, "percent_covered_display": "100", "missing_lines": 0, "excluded_lines": 0}, "missing_lines": [], "excluded_lines": []}, "EMHASSAdapter.async_handle_shell_command_failure": {"executed_lines": [1430, 1436, 1442], "summary": {"covered_lines": 3, "num_statements": 3, "percent_covered": 100.0, "percent_covered_display": "100", "missing_lines": 0, "excluded_lines": 0}, "missing_lines": [], "excluded_lines": []}, "EMHASSAdapter.get_last_error": {"executed_lines": [1455, 1456, 1458, 1461], "summary": {"covered_lines": 4, "num_statements": 4, "percent_covered": 100.0, "percent_covered_display": "100", "missing_lines": 0, "excluded_lines": 0}, "missing_lines": [], "excluded_lines": []}, "EMHASSAdapter.async_clear_error": {"executed_lines": [1468, 1469, 1472, 1473, 1474, 1476, 1478, 1479, 1480, 1481, 1482, 1483, 1491], "summary": {"covered_lines": 13, "num_statements": 13, "percent_covered": 100.0, "percent_covered_display": "100", "missing_lines": 0, "excluded_lines": 3}, "missing_lines": [], "excluded_lines": [1492, 1494, 1495]}, "EMHASSAdapter.async_cleanup_vehicle_indices": {"executed_lines": [1513, 1516, 1519, 1524, 1525, 1526, 1527, 1529, 1530, 1531, 1532, 1538, 1539, 1540, 1541, 1548, 1549, 1550, 1551, 1552, 1559, 1560, 1561, 1562, 1565, 1566, 1567, 1568, 1569, 1576, 1578], "summary": {"covered_lines": 31, "num_statements": 31, "percent_covered": 100.0, "percent_covered_display": "100", "missing_lines": 0, "excluded_lines": 0}, "missing_lines": [], "excluded_lines": []}, "EMHASSAdapter.verify_cleanup": {"executed_lines": [1595, 1597, 1600, 1601, 1602, 1604, 1605, 1606, 1607, 1609, 1610, 1611, 1612, 1615, 1616, 1617, 1619, 1622, 1623, 1625, 1628, 1629, 1631], "summary": {"covered_lines": 23, "num_statements": 23, "percent_covered": 100.0, "percent_covered_display": "100", "missing_lines": 0, "excluded_lines": 0}, "missing_lines": [], "excluded_lines": []}, "EMHASSAdapter.setup_config_entry_listener": {"executed_lines": [1647, 1648, 1649, 1653, 1656], "summary": {"covered_lines": 5, "num_statements": 5, "percent_covered": 100.0, "percent_covered_display": "100", "missing_lines": 0, "excluded_lines": 0}, "missing_lines": [], "excluded_lines": []}, "EMHASSAdapter._handle_config_entry_update": {"executed_lines": [1669, 1675, 1676, 1677, 1678, 1679, 1680, 1681, 1683, 1686, 1690, 1692], "summary": {"covered_lines": 12, "num_statements": 12, "percent_covered": 100.0, "percent_covered_display": "100", "missing_lines": 0, "excluded_lines": 0}, "missing_lines": [], "excluded_lines": []}, "EMHASSAdapter.update_charging_power": {"executed_lines": [1702, 1703, 1704, 1705, 1709, 1710, 1711, 1712, 1713, 1714, 1717, 1718, 1719, 1721, 1728, 1732], "summary": {"covered_lines": 16, "num_statements": 16, "percent_covered": 100.0, "percent_covered_display": "100", "missing_lines": 0, "excluded_lines": 0}, "missing_lines": [], "excluded_lines": []}, "EMHASSAdapter._calculate_power_profile_from_trips": {"executed_lines": [1753], "summary": {"covered_lines": 1, "num_statements": 1, "percent_covered": 100.0, "percent_covered_display": "100", "missing_lines": 0, "excluded_lines": 0}, "missing_lines": [], "excluded_lines": []}, "EMHASSAdapter._generate_schedule_from_trips": {"executed_lines": [1777], "summary": {"covered_lines": 1, "num_statements": 1, "percent_covered": 100.0, "percent_covered_display": "100", "missing_lines": 0, "excluded_lines": 0}, "missing_lines": [], "excluded_lines": []}, "EMHASSAdapter._get_current_soc": {"executed_lines": [1788, 1789, 1790, 1791, 1793, 1794, 1795, 1796, 1798, 1799, 1800, 1801, 1803, 1804, 1805, 1806, 1812], "summary": {"covered_lines": 5, "num_statements": 5, "percent_covered": 100.0, "percent_covered_display": "100", "missing_lines": 0, "excluded_lines": 12}, "missing_lines": [], "excluded_lines": [1789, 1790, 1791, 1794, 1795, 1796, 1799, 1800, 1801, 1805, 1806, 1812]}, "EMHASSAdapter._get_hora_regreso": {"executed_lines": [1822, 1823, 1824, 1827], "summary": {"covered_lines": 4, "num_statements": 4, "percent_covered": 100.0, "percent_covered_display": "100", "missing_lines": 0, "excluded_lines": 0}, "missing_lines": [], "excluded_lines": []}, "": {"executed_lines": [1, 3, 4, 5, 7, 8, 9, 10, 12, 16, 21, 35, 37, 40, 41, 43, 116, 162, 181, 200, 222, 262, 292, 296, 453, 483, 487, 648, 652, 656, 679, 703, 931, 1022, 1115, 1160, 1211, 1251, 1308, 1351, 1389, 1414, 1448, 1466, 1497, 1584, 1639, 1662, 1694, 1734, 1757, 1779, 1814], "summary": {"covered_lines": 51, "num_statements": 51, "percent_covered": 100.0, "percent_covered_display": "100", "missing_lines": 0, "excluded_lines": 0}, "missing_lines": [], "excluded_lines": []}}, "classes": {"EMHASSAdapter": {"executed_lines": [45, 47, 50, 51, 52, 53, 54, 56, 57, 58, 61, 62, 64, 65, 68, 71, 72, 73, 74, 77, 78, 83, 84, 87, 91, 94, 97, 100, 105, 107, 118, 119, 120, 121, 124, 125, 126, 127, 128, 129, 130, 131, 132, 134, 136, 137, 140, 141, 142, 147, 155, 156, 157, 171, 172, 173, 174, 176, 177, 178, 179, 191, 202, 204, 208, 215, 216, 217, 229, 231, 233, 234, 235, 242, 245, 246, 247, 249, 251, 260, 270, 271, 272, 274, 277, 279, 281, 290, 294, 306, 307, 308, 309, 310, 313, 314, 315, 318, 319, 322, 325, 326, 328, 330, 331, 332, 334, 336, 337, 338, 339, 340, 341, 346, 347, 348, 349, 350, 351, 352, 355, 358, 359, 360, 362, 364, 367, 372, 373, 374, 375, 379, 380, 381, 382, 385, 394, 395, 396, 397, 399, 400, 403, 404, 405, 408, 429, 437, 455, 456, 457, 458, 460, 466, 468, 472, 474, 475, 476, 481, 485, 501, 502, 503, 504, 506, 509, 510, 511, 514, 515, 516, 518, 529, 532, 533, 534, 537, 538, 539, 540, 541, 542, 544, 545, 546, 547, 548, 549, 552, 553, 554, 558, 559, 560, 563, 564, 566, 567, 569, 572, 580, 581, 582, 583, 584, 585, 587, 588, 589, 590, 591, 594, 614, 617, 622, 627, 634, 635, 636, 638, 646, 650, 654, 664, 665, 670, 671, 672, 674, 675, 677, 701, 723, 724, 727, 728, 729, 730, 734, 741, 742, 746, 747, 748, 750, 751, 754, 756, 765, 770, 775, 776, 777, 781, 789, 790, 791, 792, 793, 798, 801, 802, 803, 804, 808, 809, 810, 813, 814, 816, 817, 819, 826, 827, 828, 829, 830, 831, 833, 834, 835, 836, 837, 838, 841, 842, 843, 852, 853, 854, 855, 856, 857, 860, 861, 864, 865, 868, 872, 894, 901, 902, 903, 908, 914, 916, 924, 925, 926, 927, 929, 947, 956, 957, 959, 960, 964, 966, 969, 970, 971, 974, 976, 977, 978, 981, 983, 987, 994, 995, 1001, 1004, 1005, 1007, 1008, 1014, 1020, 1041, 1049, 1050, 1052, 1053, 1054, 1058, 1061, 1062, 1063, 1064, 1065, 1068, 1069, 1071, 1072, 1074, 1075, 1076, 1081, 1082, 1083, 1084, 1085, 1086, 1087, 1088, 1089, 1090, 1092, 1093, 1096, 1104, 1106, 1113, 1125, 1128, 1129, 1132, 1133, 1136, 1137, 1138, 1139, 1140, 1141, 1142, 1143, 1144, 1145, 1146, 1147, 1148, 1150, 1151, 1153, 1184, 1185, 1188, 1189, 1197, 1206, 1209, 1218, 1219, 1232, 1233, 1241, 1268, 1269, 1273, 1276, 1279, 1280, 1286, 1287, 1292, 1293, 1299, 1301, 1302, 1304, 1306, 1323, 1324, 1326, 1327, 1328, 1337, 1342, 1343, 1344, 1349, 1371, 1376, 1383, 1406, 1408, 1430, 1436, 1442, 1455, 1456, 1458, 1461, 1468, 1469, 1472, 1473, 1474, 1476, 1478, 1479, 1480, 1481, 1482, 1483, 1491, 1513, 1516, 1519, 1524, 1525, 1526, 1527, 1529, 1530, 1531, 1532, 1538, 1539, 1540, 1541, 1548, 1549, 1550, 1551, 1552, 1559, 1560, 1561, 1562, 1565, 1566, 1567, 1568, 1569, 1576, 1578, 1595, 1597, 1600, 1601, 1602, 1604, 1605, 1606, 1607, 1609, 1610, 1611, 1612, 1615, 1616, 1617, 1619, 1622, 1623, 1625, 1628, 1629, 1631, 1647, 1648, 1649, 1653, 1656, 1669, 1675, 1676, 1677, 1678, 1679, 1680, 1681, 1683, 1686, 1690, 1692, 1702, 1703, 1704, 1705, 1709, 1710, 1711, 1712, 1713, 1714, 1717, 1718, 1719, 1721, 1728, 1732, 1753, 1777, 1788, 1789, 1790, 1791, 1793, 1794, 1795, 1796, 1798, 1799, 1800, 1801, 1803, 1804, 1805, 1806, 1812, 1822, 1823, 1824, 1827], "summary": {"covered_lines": 541, "num_statements": 541, "percent_covered": 100.0, "percent_covered_display": "100", "missing_lines": 0, "excluded_lines": 42}, "missing_lines": [], "excluded_lines": [61, 62, 345, 346, 347, 348, 439, 441, 442, 444, 445, 446, 451, 511, 512, 554, 555, 568, 569, 791, 792, 793, 803, 804, 1246, 1248, 1249, 1492, 1494, 1495, 1789, 1790, 1791, 1794, 1795, 1796, 1799, 1800, 1801, 1805, 1806, 1812]}, "": {"executed_lines": [1, 3, 4, 5, 7, 8, 9, 10, 12, 16, 21, 35, 37, 40, 41, 43, 116, 162, 181, 200, 222, 262, 292, 296, 453, 483, 487, 648, 652, 656, 679, 703, 931, 1022, 1115, 1160, 1211, 1251, 1308, 1351, 1389, 1414, 1448, 1466, 1497, 1584, 1639, 1662, 1694, 1734, 1757, 1779, 1814], "summary": {"covered_lines": 51, "num_statements": 51, "percent_covered": 100.0, "percent_covered_display": "100", "missing_lines": 0, "excluded_lines": 0}, "missing_lines": [], "excluded_lines": []}}}, "custom_components/ev_trip_planner/panel.py": {"executed_lines": [1, 11, 13, 14, 15, 16, 18, 19, 21, 24, 26, 29, 30, 31, 34, 37, 53, 55, 57, 59, 60, 61, 62, 63, 65, 72, 73, 74, 85, 94, 96, 101, 103, 104, 109, 112, 126, 128, 130, 131, 132, 135, 137, 142, 144, 145, 150, 153, 166, 167, 169, 170, 177, 188, 189, 190, 193, 207, 210, 222, 225, 239, 240, 241, 243, 244], "summary": {"covered_lines": 65, "num_statements": 65, "percent_covered": 100.0, "percent_covered_display": "100", "missing_lines": 0, "excluded_lines": 0}, "missing_lines": [], "excluded_lines": [], "functions": {"async_register_panel": {"executed_lines": [53, 55, 57, 59, 60, 61, 62, 63, 65, 72, 73, 74, 85, 94, 96, 101, 103, 104, 109], "summary": {"covered_lines": 19, "num_statements": 19, "percent_covered": 100.0, "percent_covered_display": "100", "missing_lines": 0, "excluded_lines": 0}, "missing_lines": [], "excluded_lines": []}, "async_unregister_panel": {"executed_lines": [126, 128, 130, 131, 132, 135, 137, 142, 144, 145, 150], "summary": {"covered_lines": 11, "num_statements": 11, "percent_covered": 100.0, "percent_covered_display": "100", "missing_lines": 0, "excluded_lines": 0}, "missing_lines": [], "excluded_lines": []}, "_store_vehicle_panel_mapping": {"executed_lines": [166, 167, 169, 170], "summary": {"covered_lines": 4, "num_statements": 4, "percent_covered": 100.0, "percent_covered_display": "100", "missing_lines": 0, "excluded_lines": 0}, "missing_lines": [], "excluded_lines": []}, "_remove_vehicle_panel_mapping": {"executed_lines": [188, 189, 190], "summary": {"covered_lines": 3, "num_statements": 3, "percent_covered": 100.0, "percent_covered_display": "100", "missing_lines": 0, "excluded_lines": 0}, "missing_lines": [], "excluded_lines": []}, "get_vehicle_panel_url_path": {"executed_lines": [207], "summary": {"covered_lines": 1, "num_statements": 1, "percent_covered": 100.0, "percent_covered_display": "100", "missing_lines": 0, "excluded_lines": 0}, "missing_lines": [], "excluded_lines": []}, "get_all_panel_mappings": {"executed_lines": [222], "summary": {"covered_lines": 1, "num_statements": 1, "percent_covered": 100.0, "percent_covered_display": "100", "missing_lines": 0, "excluded_lines": 0}, "missing_lines": [], "excluded_lines": []}, "async_register_all_panels": {"executed_lines": [239, 240, 241, 243, 244], "summary": {"covered_lines": 5, "num_statements": 5, "percent_covered": 100.0, "percent_covered_display": "100", "missing_lines": 0, "excluded_lines": 0}, "missing_lines": [], "excluded_lines": []}, "": {"executed_lines": [1, 11, 13, 14, 15, 16, 18, 19, 21, 24, 26, 29, 30, 31, 34, 37, 112, 153, 177, 193, 210, 225], "summary": {"covered_lines": 21, "num_statements": 21, "percent_covered": 100.0, "percent_covered_display": "100", "missing_lines": 0, "excluded_lines": 0}, "missing_lines": [], "excluded_lines": []}}, "classes": {"": {"executed_lines": [1, 11, 13, 14, 15, 16, 18, 19, 21, 24, 26, 29, 30, 31, 34, 37, 53, 55, 57, 59, 60, 61, 62, 63, 65, 72, 73, 74, 85, 94, 96, 101, 103, 104, 109, 112, 126, 128, 130, 131, 132, 135, 137, 142, 144, 145, 150, 153, 166, 167, 169, 170, 177, 188, 189, 190, 193, 207, 210, 222, 225, 239, 240, 241, 243, 244], "summary": {"covered_lines": 65, "num_statements": 65, "percent_covered": 100.0, "percent_covered_display": "100", "missing_lines": 0, "excluded_lines": 0}, "missing_lines": [], "excluded_lines": []}}}, "custom_components/ev_trip_planner/presence_monitor.py": {"executed_lines": [1, 3, 4, 5, 6, 8, 9, 10, 11, 13, 23, 26, 31, 34, 35, 37, 45, 46, 47, 50, 51, 54, 57, 60, 63, 66, 69, 70, 73, 76, 77, 80, 86, 88, 99, 101, 113, 114, 116, 117, 120, 124, 127, 128, 133, 134, 135, 136, 137, 138, 141, 144, 145, 149, 150, 152, 155, 157, 159, 165, 166, 170, 172, 173, 174, 179, 181, 182, 188, 190, 199, 200, 201, 203, 211, 213, 222, 223, 224, 229, 251, 259, 267, 277, 285, 293, 294, 295, 298, 299, 300, 302, 304, 306, 307, 308, 309, 310, 315, 317, 318, 319, 320, 321, 327, 329, 331, 332, 333, 335, 336, 340, 342, 343, 344, 349, 351, 352, 353, 354, 355, 363, 365, 372, 374, 383, 384, 386, 388, 391, 393, 394, 396, 397, 400, 403, 407, 415, 416, 419, 420, 421, 422, 425, 426, 428, 429, 432, 434, 436, 438, 439, 443, 446, 447, 451, 453, 459, 465, 476, 477, 478, 482, 485, 486, 494, 495, 500, 502, 503, 513, 514, 515, 516, 517, 524, 526, 533, 534, 536, 537, 542, 544, 545, 550, 553, 560, 566, 568, 583, 584, 588, 591, 592, 594, 595, 596, 597, 598, 599, 600, 602, 604, 606, 618, 623, 635, 640, 651, 658, 659, 660, 669, 674, 675, 676, 681, 683, 694, 695, 699, 702, 708, 718, 719, 723, 726, 732, 748, 749, 752, 753, 761, 762, 763, 764, 765, 766, 769], "summary": {"covered_lines": 222, "num_statements": 222, "percent_covered": 100.0, "percent_covered_display": "100", "missing_lines": 0, "excluded_lines": 39}, "missing_lines": [], "excluded_lines": [23, 24, 139, 140, 222, 223, 224, 229, 231, 232, 233, 238, 240, 241, 242, 243, 249, 331, 332, 333, 343, 344, 349, 355, 356, 361, 400, 401, 404, 405, 486, 487, 491, 504, 505, 510, 651, 652, 656], "functions": {"PresenceMonitor.__init__": {"executed_lines": [45, 46, 47, 50, 51, 54, 57, 60, 63, 66, 69, 70, 73, 76, 77, 80, 86, 88, 99], "summary": {"covered_lines": 19, "num_statements": 19, "percent_covered": 100.0, "percent_covered_display": "100", "missing_lines": 0, "excluded_lines": 0}, "missing_lines": [], "excluded_lines": []}, "PresenceMonitor.async_check_home_status": {"executed_lines": [113, 114, 116, 117, 120, 124, 127, 128, 133, 134, 135, 136, 137, 138, 141, 144, 145, 149, 150, 152, 155, 157], "summary": {"covered_lines": 22, "num_statements": 22, "percent_covered": 100.0, "percent_covered_display": "100", "missing_lines": 0, "excluded_lines": 2}, "missing_lines": [], "excluded_lines": [139, 140]}, "PresenceMonitor.async_check_plugged_status": {"executed_lines": [165, 166, 170, 172, 173, 174, 179, 181, 182, 188], "summary": {"covered_lines": 10, "num_statements": 10, "percent_covered": 100.0, "percent_covered_display": "100", "missing_lines": 0, "excluded_lines": 0}, "missing_lines": [], "excluded_lines": []}, "PresenceMonitor.async_handle_return_home": {"executed_lines": [199, 200, 201, 203, 211], "summary": {"covered_lines": 5, "num_statements": 5, "percent_covered": 100.0, "percent_covered_display": "100", "missing_lines": 0, "excluded_lines": 0}, "missing_lines": [], "excluded_lines": []}, "PresenceMonitor.async_get_hora_regreso": {"executed_lines": [222, 223, 224, 229], "summary": {"covered_lines": 0, "num_statements": 0, "percent_covered": 100.0, "percent_covered_display": "100", "missing_lines": 0, "excluded_lines": 13}, "missing_lines": [], "excluded_lines": [222, 223, 224, 229, 231, 232, 233, 238, 240, 241, 242, 243, 249]}, "PresenceMonitor._async_persist_return_info": {"executed_lines": [259, 267, 277], "summary": {"covered_lines": 3, "num_statements": 3, "percent_covered": 100.0, "percent_covered_display": "100", "missing_lines": 0, "excluded_lines": 0}, "missing_lines": [], "excluded_lines": []}, "PresenceMonitor.async_check_charging_readiness": {"executed_lines": [293, 294, 295, 298, 299, 300, 302], "summary": {"covered_lines": 7, "num_statements": 7, "percent_covered": 100.0, "percent_covered_display": "100", "missing_lines": 0, "excluded_lines": 0}, "missing_lines": [], "excluded_lines": []}, "PresenceMonitor._async_check_home_sensor": {"executed_lines": [306, 307, 308, 309, 310, 315, 317, 318, 319, 320, 321, 327], "summary": {"covered_lines": 12, "num_statements": 12, "percent_covered": 100.0, "percent_covered_display": "100", "missing_lines": 0, "excluded_lines": 0}, "missing_lines": [], "excluded_lines": []}, "PresenceMonitor._async_check_home_coordinates": {"executed_lines": [331, 332, 333, 335, 336, 340, 342, 343, 344, 349, 351, 352, 353, 354, 355, 363, 365, 372], "summary": {"covered_lines": 11, "num_statements": 11, "percent_covered": 100.0, "percent_covered_display": "100", "missing_lines": 0, "excluded_lines": 9}, "missing_lines": [], "excluded_lines": [331, 332, 333, 343, 344, 349, 355, 356, 361]}, "PresenceMonitor._parse_coordinates": {"executed_lines": [383, 384, 386, 388, 391, 393, 394, 396, 397, 400, 403], "summary": {"covered_lines": 10, "num_statements": 10, "percent_covered": 100.0, "percent_covered_display": "100", "missing_lines": 0, "excluded_lines": 4}, "missing_lines": [], "excluded_lines": [400, 401, 404, 405]}, "PresenceMonitor._calculate_distance": {"executed_lines": [415, 416, 419, 420, 421, 422, 425, 426, 428, 429, 432, 434], "summary": {"covered_lines": 12, "num_statements": 12, "percent_covered": 100.0, "percent_covered_display": "100", "missing_lines": 0, "excluded_lines": 0}, "missing_lines": [], "excluded_lines": []}, "PresenceMonitor._async_setup_soc_listener": {"executed_lines": [438, 439, 443, 446, 447, 451, 453, 459], "summary": {"covered_lines": 8, "num_statements": 8, "percent_covered": 100.0, "percent_covered_display": "100", "missing_lines": 0, "excluded_lines": 0}, "missing_lines": [], "excluded_lines": []}, "PresenceMonitor._async_handle_soc_change": {"executed_lines": [476, 477, 478, 482, 485, 486, 494, 495, 500, 502, 503, 513, 514, 515, 516, 517, 524, 526, 533, 534, 536, 537, 542, 544, 545, 550, 553, 560, 566], "summary": {"covered_lines": 28, "num_statements": 28, "percent_covered": 100.0, "percent_covered_display": "100", "missing_lines": 0, "excluded_lines": 6}, "missing_lines": [], "excluded_lines": [486, 487, 491, 504, 505, 510]}, "PresenceMonitor.async_notify_charging_not_possible": {"executed_lines": [583, 584, 588, 591, 592, 594, 595, 596, 597, 598, 599, 600, 602, 604], "summary": {"covered_lines": 14, "num_statements": 14, "percent_covered": 100.0, "percent_covered_display": "100", "missing_lines": 0, "excluded_lines": 0}, "missing_lines": [], "excluded_lines": []}, "PresenceMonitor.async_notify_vehicle_not_home": {"executed_lines": [618], "summary": {"covered_lines": 1, "num_statements": 1, "percent_covered": 100.0, "percent_covered_display": "100", "missing_lines": 0, "excluded_lines": 0}, "missing_lines": [], "excluded_lines": []}, "PresenceMonitor.async_notify_vehicle_not_plugged": {"executed_lines": [635], "summary": {"covered_lines": 1, "num_statements": 1, "percent_covered": 100.0, "percent_covered_display": "100", "missing_lines": 0, "excluded_lines": 0}, "missing_lines": [], "excluded_lines": []}, "PresenceMonitor._async_send_notification": {"executed_lines": [651, 658, 659, 660, 669, 674, 675, 676, 681], "summary": {"covered_lines": 8, "num_statements": 8, "percent_covered": 100.0, "percent_covered_display": "100", "missing_lines": 0, "excluded_lines": 3}, "missing_lines": [], "excluded_lines": [651, 652, 656]}, "PresenceMonitor.get_home_condition_config": {"executed_lines": [694, 695, 699, 702], "summary": {"covered_lines": 4, "num_statements": 4, "percent_covered": 100.0, "percent_covered_display": "100", "missing_lines": 0, "excluded_lines": 0}, "missing_lines": [], "excluded_lines": []}, "PresenceMonitor.get_plugged_condition_config": {"executed_lines": [718, 719, 723, 726], "summary": {"covered_lines": 4, "num_statements": 4, "percent_covered": 100.0, "percent_covered_display": "100", "missing_lines": 0, "excluded_lines": 0}, "missing_lines": [], "excluded_lines": []}, "PresenceMonitor.validate_condition_is_native": {"executed_lines": [748, 749, 752, 753, 761, 762, 763, 764, 765, 766, 769], "summary": {"covered_lines": 11, "num_statements": 11, "percent_covered": 100.0, "percent_covered_display": "100", "missing_lines": 0, "excluded_lines": 0}, "missing_lines": [], "excluded_lines": []}, "": {"executed_lines": [1, 3, 4, 5, 6, 8, 9, 10, 11, 13, 23, 26, 31, 34, 35, 37, 101, 159, 190, 213, 251, 285, 304, 329, 374, 407, 436, 465, 568, 606, 623, 640, 683, 708, 732], "summary": {"covered_lines": 32, "num_statements": 32, "percent_covered": 100.0, "percent_covered_display": "100", "missing_lines": 0, "excluded_lines": 2}, "missing_lines": [], "excluded_lines": [23, 24]}}, "classes": {"PresenceMonitor": {"executed_lines": [45, 46, 47, 50, 51, 54, 57, 60, 63, 66, 69, 70, 73, 76, 77, 80, 86, 88, 99, 113, 114, 116, 117, 120, 124, 127, 128, 133, 134, 135, 136, 137, 138, 141, 144, 145, 149, 150, 152, 155, 157, 165, 166, 170, 172, 173, 174, 179, 181, 182, 188, 199, 200, 201, 203, 211, 222, 223, 224, 229, 259, 267, 277, 293, 294, 295, 298, 299, 300, 302, 306, 307, 308, 309, 310, 315, 317, 318, 319, 320, 321, 327, 331, 332, 333, 335, 336, 340, 342, 343, 344, 349, 351, 352, 353, 354, 355, 363, 365, 372, 383, 384, 386, 388, 391, 393, 394, 396, 397, 400, 403, 415, 416, 419, 420, 421, 422, 425, 426, 428, 429, 432, 434, 438, 439, 443, 446, 447, 451, 453, 459, 476, 477, 478, 482, 485, 486, 494, 495, 500, 502, 503, 513, 514, 515, 516, 517, 524, 526, 533, 534, 536, 537, 542, 544, 545, 550, 553, 560, 566, 583, 584, 588, 591, 592, 594, 595, 596, 597, 598, 599, 600, 602, 604, 618, 635, 651, 658, 659, 660, 669, 674, 675, 676, 681, 694, 695, 699, 702, 718, 719, 723, 726, 748, 749, 752, 753, 761, 762, 763, 764, 765, 766, 769], "summary": {"covered_lines": 190, "num_statements": 190, "percent_covered": 100.0, "percent_covered_display": "100", "missing_lines": 0, "excluded_lines": 37}, "missing_lines": [], "excluded_lines": [139, 140, 222, 223, 224, 229, 231, 232, 233, 238, 240, 241, 242, 243, 249, 331, 332, 333, 343, 344, 349, 355, 356, 361, 400, 401, 404, 405, 486, 487, 491, 504, 505, 510, 651, 652, 656]}, "": {"executed_lines": [1, 3, 4, 5, 6, 8, 9, 10, 11, 13, 23, 26, 31, 34, 35, 37, 101, 159, 190, 213, 251, 285, 304, 329, 374, 407, 436, 465, 568, 606, 623, 640, 683, 708, 732], "summary": {"covered_lines": 32, "num_statements": 32, "percent_covered": 100.0, "percent_covered_display": "100", "missing_lines": 0, "excluded_lines": 2}, "missing_lines": [], "excluded_lines": [23, 24]}}}, "custom_components/ev_trip_planner/protocols.py": {"executed_lines": [1, 3, 6, 7, 8, 10, 12, 15, 16, 17, 19, 21, 23, 27], "summary": {"covered_lines": 11, "num_statements": 11, "percent_covered": 100.0, "percent_covered_display": "100", "missing_lines": 0, "excluded_lines": 0}, "missing_lines": [], "excluded_lines": [], "functions": {"TripStorageProtocol.async_load": {"executed_lines": [10], "summary": {"covered_lines": 1, "num_statements": 1, "percent_covered": 100.0, "percent_covered_display": "100", "missing_lines": 0, "excluded_lines": 0}, "missing_lines": [], "excluded_lines": []}, "TripStorageProtocol.async_save": {"executed_lines": [12], "summary": {"covered_lines": 1, "num_statements": 1, "percent_covered": 100.0, "percent_covered_display": "100", "missing_lines": 0, "excluded_lines": 0}, "missing_lines": [], "excluded_lines": []}, "EMHASSPublisherProtocol.async_publish_deferrable_load": {"executed_lines": [19], "summary": {"covered_lines": 1, "num_statements": 1, "percent_covered": 100.0, "percent_covered_display": "100", "missing_lines": 0, "excluded_lines": 0}, "missing_lines": [], "excluded_lines": []}, "EMHASSPublisherProtocol.async_remove_deferrable_load": {"executed_lines": [21], "summary": {"covered_lines": 1, "num_statements": 1, "percent_covered": 100.0, "percent_covered_display": "100", "missing_lines": 0, "excluded_lines": 0}, "missing_lines": [], "excluded_lines": []}, "EMHASSPublisherProtocol.async_publish_all_deferrable_loads": {"executed_lines": [], "summary": {"covered_lines": 0, "num_statements": 0, "percent_covered": 100.0, "percent_covered_display": "100", "missing_lines": 0, "excluded_lines": 0}, "missing_lines": [], "excluded_lines": []}, "EMHASSPublisherProtocol.async_update_deferrable_load": {"executed_lines": [27], "summary": {"covered_lines": 1, "num_statements": 1, "percent_covered": 100.0, "percent_covered_display": "100", "missing_lines": 0, "excluded_lines": 0}, "missing_lines": [], "excluded_lines": []}, "": {"executed_lines": [1, 3, 6, 7, 8, 15, 16, 17, 23], "summary": {"covered_lines": 6, "num_statements": 6, "percent_covered": 100.0, "percent_covered_display": "100", "missing_lines": 0, "excluded_lines": 0}, "missing_lines": [], "excluded_lines": []}}, "classes": {"TripStorageProtocol": {
[...]
 "excluded_lines": 0}, "missing_lines": [], "excluded_lines": []}}, "classes": {"": {"executed_lines": [1, 7, 9, 10, 11, 12, 15, 34, 37, 46, 49, 78, 80, 82, 85, 86, 89, 91, 93, 95, 96, 97, 99, 101, 102, 103, 105, 108, 110, 113, 116, 125, 126, 129, 130, 131, 134, 135, 136, 138, 141, 151, 152, 154, 156, 157, 159, 160, 162, 163, 165, 166, 169, 178, 179, 180, 181, 182, 183, 184, 187, 199, 200, 201, 202, 203, 204, 205, 206, 207, 208, 209, 210, 211, 212, 213, 214, 215, 216, 219, 228, 229, 230, 231, 232, 233, 234, 235, 236, 239, 255, 257, 260, 261, 262, 267, 268, 270, 271, 280, 281, 283, 287, 289, 290, 291, 293, 295, 296, 297, 299, 302, 318, 319, 320, 321, 323, 324], "summary": {"covered_lines": 117, "num_statements": 117, "percent_covered": 100.0, "percent_covered_display": "100", "missing_lines": 0, "excluded_lines": 0}, "missing_lines": [], "excluded_lines": []}}}, "custom_components/ev_trip_planner/vehicle_controller.py": {"executed_lines": [1, 3, 4, 5, 6, 7, 9, 11, 12, 14, 17, 20, 21, 24, 25, 26, 28, 30, 32, 33, 35, 39, 45, 47, 50, 52, 54, 55, 58, 60, 62, 65, 66, 68, 70, 72, 78, 80, 83, 84, 86, 88, 89, 91, 92, 96, 97, 101, 102, 107, 108, 110, 111, 112, 114, 116, 117, 120, 121, 122, 123, 124, 126, 128, 129, 132, 133, 138, 140, 141, 142, 143, 146, 147, 149, 150, 151, 152, 153, 154, 156, 158, 159, 160, 161, 162, 163, 164, 167, 169, 171, 172, 173, 174, 175, 182, 186, 189, 190, 192, 193, 194, 195, 197, 199, 200, 203, 204, 205, 206, 209, 211, 213, 214, 217, 218, 225, 227, 230, 231, 233, 235, 236, 238, 240, 241, 243, 245, 248, 252, 253, 255, 256, 257, 258, 259, 268, 269, 277, 280, 281, 287, 295, 296, 297, 298, 299, 300, 301, 303, 304, 305, 308, 309, 313, 315, 317, 319, 321, 323, 324, 325, 327, 334, 335, 336, 337, 338, 339, 342, 343, 344, 345, 346, 348, 350, 356, 359, 360, 361, 366, 368, 369, 375, 377, 385, 386, 387, 392, 394, 395, 396, 399, 402, 403, 404, 410, 413, 415, 417, 418, 421, 422, 423, 430, 432, 438, 439, 441, 444, 445, 449, 452, 454, 460, 461, 463, 469, 476, 481, 482, 483, 493, 505, 507, 508], "summary": {"covered_lines": 204, "num_statements": 204, "percent_covered": 100.0, "percent_covered_display": "100", "missing_lines": 0, "excluded_lines": 50}, "missing_lines": [], "excluded_lines": [14, 15, 72, 73, 74, 75, 76, 91, 92, 93, 94, 96, 97, 98, 99, 101, 102, 103, 104, 134, 135, 136, 176, 177, 180, 219, 220, 223, 356, 357, 485, 488, 489, 491, 493, 494, 495, 496, 497, 498, 499, 500, 501, 502, 503, 505, 506, 507, 508, 509], "functions": {"RetryState.add_attempt": {"executed_lines": [32, 33, 35], "summary": {"covered_lines": 3, "num_statements": 3, "percent_covered": 100.0, "percent_covered_display": "100", "missing_lines": 0, "excluded_lines": 0}, "missing_lines": [], "excluded_lines": []}, "RetryState.should_retry": {"executed_lines": [45, 47, 50], "summary": {"covered_lines": 3, "num_statements": 3, "percent_covered": 100.0, "percent_covered_display": "100", "missing_lines": 0, "excluded_lines": 0}, "missing_lines": [], "excluded_lines": []}, "RetryState.get_attempt_count": {"executed_lines": [54, 55, 58], "summary": {"covered_lines": 3, "num_statements": 3, "percent_covered": 100.0, "percent_covered_display": "100", "missing_lines": 0, "excluded_lines": 0}, "missing_lines": [], "excluded_lines": []}, "RetryState.reset": {"executed_lines": [62], "summary": {"covered_lines": 1, "num_statements": 1, "percent_covered": 100.0, "percent_covered_display": "100", "missing_lines": 0, "excluded_lines": 0}, "missing_lines": [], "excluded_lines": []}, "HomeAssistantWrapper.__init__": {"executed_lines": [70], "summary": {"covered_lines": 1, "num_statements": 1, "percent_covered": 100.0, "percent_covered_display": "100", "missing_lines": 0, "excluded_lines": 0}, "missing_lines": [], "excluded_lines": []}, "HomeAssistantWrapper.async_call_service": {"executed_lines": [], "summary": {"covered_lines": 0, "num_statements": 0, "percent_covered": 100.0, "percent_covered_display": "100", "missing_lines": 0, "excluded_lines": 2}, "missing_lines": [], "excluded_lines": [75, 76]}, "HomeAssistantWrapper.get_state": {"executed_lines": [80], "summary": {"covered_lines": 1, "num_statements": 1, "percent_covered": 100.0, "percent_covered_display": "100", "missing_lines": 0, "excluded_lines": 0}, "missing_lines": [], "excluded_lines": []}, "VehicleControlStrategy.__init__": {"executed_lines": [88, 89], "summary": {"covered_lines": 2, "num_statements": 2, "percent_covered": 100.0, "percent_covered_display": "100", "missing_lines": 0, "excluded_lines": 0}, "missing_lines": [], "excluded_lines": []}, "VehicleControlStrategy.async_activate": {"executed_lines": [], "summary": {"covered_lines": 0, "num_statements": 0, "percent_covered": 100.0, "percent_covered_display": "100", "missing_lines": 0, "excluded_lines": 2}, "missing_lines": [], "excluded_lines": [93, 94]}, "VehicleControlStrategy.async_deactivate": {"executed_lines": [], "summary": {"covered_lines": 0, "num_statements": 0, "percent_covered": 100.0, "percent_covered_display": "100", "missing_lines": 0, "excluded_lines": 2}, "missing_lines": [], "excluded_lines": [98, 99]}, "VehicleControlStrategy.async_get_status": {"executed_lines": [], "summary": {"covered_lines": 0, "num_statements": 0, "percent_covered": 100.0, "percent_covered_display": "100", "missing_lines": 0, "excluded_lines": 2}, "missing_lines": [], "excluded_lines": [103, 104]}, "SwitchStrategy.__init__": {"executed_lines": [111, 112], "summary": {"covered_lines": 2, "num_statements": 2, "percent_covered": 100.0, "percent_covered_display": "100", "missing_lines": 0, "excluded_lines": 0}, "missing_lines": [], "excluded_lines": []}, "SwitchStrategy.async_activate": {"executed_lines": [116, 117, 120, 121, 122, 123, 124], "summary": {"covered_lines": 7, "num_statements": 7, "percent_covered": 100.0, "percent_covered_display": "100", "missing_lines": 0, "excluded_lines": 0}, "missing_lines": [], "excluded_lines": []}, "SwitchStrategy.async_deactivate": {"executed_lines": [128, 129, 132, 133], "summary": {"covered_lines": 4, "num_statements": 4, "percent_covered": 100.0, "percent_covered_display": "100", "missing_lines": 0, "excluded_lines": 3}, "missing_lines": [], "excluded_lines": [134, 135, 136]}, "SwitchStrategy.async_get_status": {"executed_lines": [140, 141, 142, 143], "summary": {"covered_lines": 4, "num_statements": 4, "percent_covered": 100.0, "percent_covered_display": "100", "missing_lines": 0, "excluded_lines": 0}, "missing_lines": [], "excluded_lines": []}, "ServiceStrategy.__init__": {"executed_lines": [150, 151, 152, 153, 154], "summary": {"covered_lines": 5, "num_statements": 5, "percent_covered": 100.0, "percent_covered_display": "100", "missing_lines": 0, "excluded_lines": 0}, "missing_lines": [], "excluded_lines": []}, "ServiceStrategy.async_activate": {"executed_lines": [158, 159, 160, 161, 162, 163, 164, 167], "summary": {"covered_lines": 8, "num_statements": 8, "percent_covered": 100.0, "percent_covered_display": "100", "missing_lines": 0, "excluded_lines": 0}, "missing_lines": [], "excluded_lines": []}, "ServiceStrategy.async_deactivate": {"executed_lines": [171, 172, 173, 174, 175], "summary": {"covered_lines": 5, "num_statements": 5, "percent_covered": 100.0, "percent_covered_display": "100", "missing_lines": 0, "excluded_lines": 3}, "missing_lines": [], "excluded_lines": [176, 177, 180]}, "ServiceStrategy.async_get_status": {"executed_lines": [186], "summary": {"covered_lines": 1, "num_statements": 1, "percent_covered": 100.0, "percent_covered_display": "100", "missing_lines": 0, "excluded_lines": 0}, "missing_lines": [], "excluded_lines": []}, "ScriptStrategy.__init__": {"executed_lines": [193, 194, 195], "summary": {"covered_lines": 3, "num_statements": 3, "percent_covered": 100.0, "percent_covered_display": "100", "missing_lines": 0, "excluded_lines": 0}, "missing_lines": [], "excluded_lines": []}, "ScriptStrategy.async_activate": {"executed_lines": [199, 200, 203, 204, 205, 206, 209], "summary": {"covered_lines": 7, "num_statements": 7, "percent_covered": 100.0, "percent_covered_display": "100", "missing_lines": 0, "excluded_lines": 0}, "missing_lines": [], "excluded_lines": []}, "ScriptStrategy.async_deactivate": {"executed_lines": [213, 214, 217, 218], "summary": {"covered_lines": 4, "num_statements": 4, "percent_covered": 100.0, "percent_covered_display": "100", "missing_lines": 0, "excluded_lines": 3}, "missing_lines": [], "excluded_lines": [219, 220, 223]}, "ScriptStrategy.async_get_status": {"executed_lines": [227], "summary": {"covered_lines": 1, "num_statements": 1, "percent_covered": 100.0, "percent_covered_display": "100", "missing_lines": 0, "excluded_lines": 0}, "missing_lines": [], "excluded_lines": []}, "ExternalStrategy.async_activate": {"executed_lines": [235, 236], "summary": {"covered_lines": 2, "num_statements": 2, "percent_covered": 100.0, "percent_covered_display": "100", "missing_lines": 0, "excluded_lines": 0}, "missing_lines": [], "excluded_lines": []}, "ExternalStrategy.async_deactivate": {"executed_lines": [240, 241], "summary": {"covered_lines": 2, "num_statements": 2, "percent_covered": 100.0, "percent_covered_display": "100", "missing_lines": 0, "excluded_lines": 0}, "missing_lines": [], "excluded_lines": []}, "ExternalStrategy.async_get_status": {"executed_lines": [245], "summary": {"covered_lines": 1, "num_statements": 1, "percent_covered": 100.0, "percent_covered_display": "100", "missing_lines": 0, "excluded_lines": 0}, "missing_lines": [], "excluded_lines": []}, "create_control_strategy": {"executed_lines": [252, 253, 255, 256, 257, 258, 259, 268, 269, 277], "summary": {"covered_lines": 10, "num_statements": 10, "percent_covered": 100.0, "percent_covered_display": "100", "missing_lines": 0, "excluded_lines": 0}, "missing_lines": [], "excluded_lines": []}, "VehicleController.__init__": {"executed_lines": [295, 296, 297, 298, 299, 300, 301, 303, 304, 305, 308, 309], "summary": {"covered_lines": 12, "num_statements": 12, "percent_covered": 100.0, "percent_covered_display": "100", "missing_lines": 0, "excluded_lines": 0}, "missing_lines": [], "excluded_lines": []}, "VehicleController.async_setup": {"executed_lines": [315], "summary": {"covered_lines": 1, "num_statements": 1, "percent_covered": 100.0, "percent_covered_display": "100", "missing_lines": 0, "excluded_lines": 0}, "missing_lines": [], "excluded_lines": []}, "VehicleController.set_strategy": {"executed_lines": [319], "summary": {"covered_lines": 1, "num_statements": 1, "percent_covered": 100.0, "percent_covered_display": "100", "missing_lines": 0, "excluded_lines": 0}, "missing_lines": [], "excluded_lines": []}, "VehicleController.update_config": {"executed_lines": [323, 324, 325], "summary": {"covered_lines": 3, "num_statements": 3, "percent_covered": 100.0, "percent_covered_display": "100", "missing_lines": 0, "excluded_lines": 0}, "missing_lines": [], "excluded_lines": []}, "VehicleController.async_check_presence_status": {"executed_lines": [334, 335, 336, 337, 338, 339, 342, 343, 344, 345, 346, 348], "summary": {"covered_lines": 12, "num_statements": 12, "percent_covered": 100.0, "percent_covered_display": "100", "missing_lines": 0, "excluded_lines": 0}, "missing_lines": [], "excluded_lines": []}, "VehicleController._async_check_charging_sensor": {"executed_lines": [356, 359, 360, 361, 366, 368, 369, 375], "summary": {"covered_lines": 7, "num_statements": 7, "percent_covered": 100.0, "percent_covered_display": "100", "missing_lines": 0, "excluded_lines": 2}, "missing_lines": [], "excluded_lines": [356, 357]}, "VehicleController.async_activate_charging": {"executed_lines": [385, 386, 387, 392, 394, 395, 396, 399, 402, 403, 404, 410, 413, 415, 417, 418, 421, 422, 423, 430], "summary": {"covered_lines": 20, "num_statements": 20, "percent_covered": 100.0, "percent_covered_display": "100", "missing_lines": 0, "excluded_lines": 0}, "missing_lines": [], "excluded_lines": []}, "VehicleController._check_and_reset_retry_on_disconnect": {"executed_lines": [438, 439, 441, 444, 445, 449, 452], "summary": {"covered_lines": 7, "num_statements": 7, "percent_covered": 100.0, "percent_covered_display": "100", "missing_lines": 0, "excluded_lines": 0}, "missing_lines": [], "excluded_lines": []}, "VehicleController.reset_retry_state": {"executed_lines": [460, 461], "summary": {"covered_lines": 2, "num_statements": 2, "percent_covered": 100.0, "percent_covered_display": "100", "missing_lines": 0, "excluded_lines": 0}, "missing_lines": [], "excluded_lines": []}, "VehicleController.get_retry_state": {"executed_lines": [469], "summary": {"covered_lines": 1, "num_statements": 1, "percent_covered": 100.0, "percent_covered_display": "100", "missing_lines": 0, "excluded_lines": 0}, "missing_lines": [], "excluded_lines": []}, "VehicleController.async_deactivate_charging": {"executed_lines": [481, 482, 483], "summary": {"covered_lines": 3, "num_statements": 3, "percent_covered": 100.0, "percent_covered_display": "100", "missing_lines": 0, "excluded_lines": 4}, "missing_lines": [], "excluded_lines": [485, 488, 489, 491]}, "VehicleController._update_charging_state_after_deactivation": {"executed_lines": [], "summary": {"covered_lines": 0, "num_statements": 0, "percent_covered": 100.0, "percent_covered_display": "100", "missing_lines": 0, "excluded_lines": 10}, "missing_lines": [], "excluded_lines": [494, 495, 496, 497, 498, 499, 500, 501, 502, 503]}, "VehicleController.async_get_charging_status": {"executed_lines": [507, 508], "summary": {"covered_lines": 0, "num_statements": 0, "percent_covered": 100.0, "percent_covered_display": "100", "missing_lines": 0, "excluded_lines": 4}, "missing_lines": [], "excluded_lines": [506, 507, 508, 509]}, "": {"executed_lines": [1, 3, 4, 5, 6, 7, 9, 11, 12, 14, 17, 20, 21, 24, 25, 26, 28, 30, 39, 52, 60, 65, 66, 68, 72, 78, 83, 84, 86, 91, 92, 96, 97, 101, 102, 107, 108, 110, 114, 126, 138, 146, 147, 149, 156, 169, 182, 189, 190, 192, 197, 211, 225, 230, 231, 233, 238, 243, 248, 280, 281, 287, 313, 317, 321, 327, 350, 377, 432, 454, 463, 476, 493, 505], "summary": {"covered_lines": 55, "num_statements": 55, "percent_covered": 100.0, "percent_covered_display": "100", "missing_lines": 0, "excluded_lines": 13}, "missing_lines": [], "excluded_lines": [14, 15, 72, 73, 74, 91, 92, 96, 97, 101, 102, 493, 505]}}, "classes": {"RetryState": {"executed_lines": [32, 33, 35, 45, 47, 50, 54, 55, 58, 62], "summary": {"covered_lines": 10, "num_statements": 10, "percent_covered": 100.0, "percent_covered_display": "100", "missing_lines": 0, "excluded_lines": 0}, "missing_lines": [], "excluded_lines": []}, "HomeAssistantWrapper": {"executed_lines": [70, 80], "summary": {"covered_lines": 2, "num_statements": 2, "percent_covered": 100.0, "percent_covered_display": "100", "missing_lines": 0, "excluded_lines": 2}, "missing_lines": [], "excluded_lines": [75, 76]}, "VehicleControlStrategy": {"executed_lines": [88, 89], "summary": {"covered_lines": 2, "num_statements": 2, "percent_covered": 100.0, "percent_covered_display": "100", "missing_lines": 0, "excluded_lines": 6}, "missing_lines": [], "excluded_lines": [93, 94, 98, 99, 103, 104]}, "SwitchStrategy": {"executed_lines": [111, 112, 116, 117, 120, 121, 122, 123, 124, 128, 129, 132, 133, 140, 141, 142, 143], "summary": {"covered_lines": 17, "num_statements": 17, "percent_covered": 100.0, "percent_covered_display": "100", "missing_lines": 0, "excluded_lines": 3}, "missing_lines": [], "excluded_lines": [134, 135, 136]}, "ServiceStrategy": {"executed_lines": [150, 151, 152, 153, 154, 158, 159, 160, 161, 162, 163, 164, 167, 171, 172, 173, 174, 175, 186], "summary": {"covered_lines": 19, "num_statements": 19, "percent_covered": 100.0, "percent_covered_display": "100", "missing_lines": 0, "excluded_lines": 3}, "missing_lines": [], "excluded_lines": [176, 177, 180]}, "ScriptStrategy": {"executed_lines": [193, 194, 195, 199, 200, 203, 204, 205, 206, 209, 213, 214, 217, 218, 227], "summary": {"covered_lines": 15, "num_statements": 15, "percent_covered": 100.0, "percent_covered_display": "100", "missing_lines": 0, "excluded_lines": 3}, "missing_lines": [], "excluded_lines": [219, 220, 223]}, "ExternalStrategy": {"executed_lines": [235, 236, 240, 241, 245], "summary": {"covered_lines": 5, "num_statements": 5, "percent_covered": 100.0, "percent_covered_display": "100", "missing_lines": 0, "excluded_lines": 0}, "missing_lines": [], "excluded_lines": []}, "VehicleController": {"executed_lines": [295, 296, 297, 298, 299, 300, 301, 303, 304, 305, 308, 309, 315, 319, 323, 324, 325, 334, 335, 336, 337, 338, 339, 342, 343, 344, 345, 346, 348, 356, 359, 360, 361, 366, 368, 369, 375, 385, 386, 387, 392, 394, 395, 396, 399, 402, 403, 404, 410, 413, 415, 417, 418, 421, 422, 423, 430, 438, 439, 441, 444, 445, 449, 452, 460, 461, 469, 481, 482, 483, 507, 508], "summary": {"covered_lines": 69, "num_statements": 69, "percent_covered": 100.0, "percent_covered_display": "100", "missing_lines": 0, "excluded_lines": 20}, "missing_lines": [], "excluded_lines": [356, 357, 485, 488, 489, 491, 494, 495, 496, 497, 498, 499, 500, 501, 502, 503, 506, 507, 508, 509]}, "": {"executed_lines": [1, 3, 4, 5, 6, 7, 9, 11, 12, 14, 17, 20, 21, 24, 25, 26, 28, 30, 39, 52, 60, 65, 66, 68, 72, 78, 83, 84, 86, 91, 92, 96, 97, 101, 102, 107, 108, 110, 114, 126, 138, 146, 147, 149, 156, 169, 182, 189, 190, 192, 197, 211, 225, 230, 231, 233, 238, 243, 248, 252, 253, 255, 256, 257, 258, 259, 268, 269, 277, 280, 281, 287, 313, 317, 321, 327, 350, 377, 432, 454, 463, 476, 493, 505], "summary": {"covered_lines": 65, "num_statements": 65, "percent_covered": 100.0, "percent_covered_display": "100", "missing_lines": 0, "excluded_lines": 13}, "missing_lines": [], "excluded_lines": [14, 15, 72, 73, 74, 91, 92, 96, 97, 101, 102, 493, 505]}}}, "custom_components/ev_trip_planner/yaml_trip_storage.py": {"executed_lines": [1, 3, 5, 7, 10, 11, 18, 25, 26, 28, 34, 36, 37, 38, 40, 41, 42, 43, 44, 46, 47, 49, 55, 57, 59, 60, 62, 69], "summary": {"covered_lines": 26, "num_statements": 26, "percent_covered": 100.0, "percent_covered_display": "100", "missing_lines": 0, "excluded_lines": 0}, "missing_lines": [], "excluded_lines": [], "functions": {"YamlTripStorage.__init__": {"executed_lines": [25, 26], "summary": {"covered_lines": 2, "num_statements": 2, "percent_covered": 100.0, "percent_covered_display": "100", "missing_lines": 0, "excluded_lines": 0}, "missing_lines": [], "excluded_lines": []}, "YamlTripStorage.async_load": {"executed_lines": [34, 36, 37, 38, 40, 41, 42, 43, 44, 46, 47], "summary": {"covered_lines": 11, "num_statements": 11, "percent_covered": 100.0, "percent_covered_display": "100", "missing_lines": 0, "excluded_lines": 0}, "missing_lines": [], "excluded_lines": []}, "YamlTripStorage.async_save": {"executed_lines": [55, 57, 59, 60, 62, 69], "summary": {"covered_lines": 6, "num_statements": 6, "percent_covered": 100.0, "percent_covered_display": "100", "missing_lines": 0, "excluded_lines": 0}, "missing_lines": [], "excluded_lines": []}, "": {"executed_lines": [1, 3, 5, 7, 10, 11, 18, 28, 49], "summary": {"covered_lines": 7, "num_statements": 7, "percent_covered": 100.0, "percent_covered_display": "100", "missing_lines": 0, "excluded_lines": 0}, "missing_lines": [], "excluded_lines": []}}, "classes": {"YamlTripStorage": {"executed_lines": [25, 26, 34, 36, 37, 38, 40, 41, 42, 43, 44, 46, 47, 55, 57, 59, 60, 62, 69], "summary": {"covered_lines": 19, "num_statements": 19, "percent_covered": 100.0, "percent_covered_display": "100", "missing_lines": 0, "excluded_lines": 0}, "missing_lines": [], "excluded_lines": []}, "": {"executed_lines": [1, 3, 5, 7, 10, 11, 18, 28, 49], "summary": {"covered_lines": 7, "num_statements": 7, "percent_covered": 100.0, "percent_covered_display": "100", "missing_lines": 0, "excluded_lines": 0}, "missing_lines": [], "excluded_lines": []}}}}, "totals": {"covered_lines": 4136, "num_statements": 4138, "percent_covered": 99.9516674722088, "percent_covered_display": "99", "missing_lines": 2, "excluded_lines": 336}}